#! /opt/homebrew/Cellar/icarus-verilog/12.0/bin/vvp -v
:ivl_version "12.0 (stable)";
:ivl_delay_selection "TYPICAL";
:vpi_time_precision - 12;
:vpi_module "/opt/homebrew/Cellar/icarus-verilog/12.0/lib/ivl/system.vpi";
:vpi_module "/opt/homebrew/Cellar/icarus-verilog/12.0/lib/ivl/vhdl_sys.vpi";
:vpi_module "/opt/homebrew/Cellar/icarus-verilog/12.0/lib/ivl/vhdl_textio.vpi";
:vpi_module "/opt/homebrew/Cellar/icarus-verilog/12.0/lib/ivl/v2005_math.vpi";
:vpi_module "/opt/homebrew/Cellar/icarus-verilog/12.0/lib/ivl/va_math.vpi";
S_0x101226b80 .scope module, "tb_benes_net" "tb_benes_net" 2 4;
 .timescale -9 -12;
P_0x83d0b8780 .param/l "CLK_PER" 1 2 8, +C4<00000000000000000000000000001010>;
P_0x83d0b87c0 .param/l "ELEMENTS" 1 2 9, +C4<00000000000000000000000000001000>;
P_0x83d0b8800 .param/l "STAGES" 1 2 11, +C4<00000000000000000000000000000101>;
P_0x83d0b8840 .param/l "SW_PER_STAGE" 1 2 12, +C4<00000000000000000000000000000100>;
P_0x83d0b8880 .param/l "TOTAL_SW" 1 2 13, +C4<00000000000000000000000000010100>;
v0x83cc864e0_0 .var "cfg", 19 0;
v0x83cc86580_0 .var "clk", 0 0;
v0x83cc86620_0 .var "data_in", 7 0;
v0x83cc866c0_0 .net "data_out", 7 0, L_0x83d040d20;  1 drivers
v0x83cc86760_0 .var "enable", 0 0;
v0x83cc86800_0 .var "n_rst", 0 0;
v0x83cc868a0_0 .var "vcdfile", 1023 0;
S_0x101226d00 .scope task, "_reset" "_reset" 2 40, 2 40 0, S_0x101226b80;
 .timescale -9 -12;
E_0x83d04de00 .event posedge, v0x83cc6a1c0_0;
TD_tb_benes_net._reset ;
    %pushi/vec4 0, 0, 1;
    %store/vec4 v0x83cc86800_0, 0, 1;
    %pushi/vec4 0, 0, 1;
    %store/vec4 v0x83cc86760_0, 0, 1;
    %pushi/vec4 0, 0, 20;
    %store/vec4 v0x83cc864e0_0, 0, 20;
    %pushi/vec4 0, 0, 8;
    %store/vec4 v0x83cc86620_0, 0, 8;
    %wait E_0x83d04de00;
    %pushi/vec4 1, 0, 1;
    %store/vec4 v0x83cc86800_0, 0, 1;
    %wait E_0x83d04de00;
    %end;
S_0x10122ca50 .scope task, "_send_data" "_send_data" 2 55, 2 55 0, S_0x101226b80;
 .timescale -9 -12;
v0x83cc69f40_0 .var/i "_addr_", 31 0;
v0x83cc69fe0_0 .var "_frame_", 7 0;
v0x83cc6a080_0 .var/i "i", 31 0;
TD_tb_benes_net._send_data ;
    %pushi/vec4 1, 0, 1;
    %store/vec4 v0x83cc86760_0, 0, 1;
    %wait E_0x83d04de00;
    %pushi/vec4 0, 0, 32;
    %store/vec4 v0x83cc6a080_0, 0, 32;
T_1.0 ;
    %load/vec4 v0x83cc6a080_0;
    %cmpi/s 8, 0, 32;
    %jmp/0xz T_1.1, 5;
    %load/vec4 v0x83cc69fe0_0;
    %load/vec4 v0x83cc6a080_0;
    %part/s 1;
    %ix/getv/s 4, v0x83cc69f40_0;
    %store/vec4 v0x83cc86620_0, 4, 1;
    %wait E_0x83d04de00;
    %load/vec4 v0x83cc6a080_0;
    %addi 1, 0, 32;
    %store/vec4 v0x83cc6a080_0, 0, 32;
    %jmp T_1.0;
T_1.1 ;
    %pushi/vec4 0, 0, 1;
    %store/vec4 v0x83cc86760_0, 0, 1;
    %wait E_0x83d04de00;
    %end;
S_0x10122cbd0 .scope module, "dut" "benes_net" 2 26, 3 17 0, S_0x101226b80;
 .timescale -9 -12;
    .port_info 0 /INPUT 1 "clk";
    .port_info 1 /INPUT 1 "n_rst";
    .port_info 2 /INPUT 1 "enable";
    .port_info 3 /INPUT 20 "cfg";
    .port_info 4 /INPUT 8 "data_in";
    .port_info 5 /OUTPUT 8 "data_out";
P_0x10122dc50 .param/l "ELEMENTS" 0 3 18, +C4<00000000000000000000000000001000>;
P_0x10122dc90 .param/l "STAGES" 1 3 28, +C4<00000000000000000000000000000101>;
P_0x10122dcd0 .param/l "SW_PER_STAGE" 1 3 29, +C4<00000000000000000000000000000100>;
P_0x10122dd10 .param/l "TOTAL_SW" 1 3 30, +C4<00000000000000000000000000010100>;
L_0x83d040d90 .functor BUFZ 8, v0x83cc86620_0, C4<00000000>, C4<00000000>, C4<00000000>;
L_0x83d040d20 .functor BUFZ 8, L_0x83cc878e0, C4<00000000>, C4<00000000>, C4<00000000>;
v0x83cc86080_0 .net "cfg", 19 0, v0x83cc864e0_0;  1 drivers
v0x83cc86120_0 .net "clk", 0 0, v0x83cc86580_0;  1 drivers
v0x83cc861c0_0 .net "data_in", 7 0, v0x83cc86620_0;  1 drivers
v0x83cc86260_0 .net "data_out", 7 0, L_0x83d040d20;  alias, 1 drivers
v0x83cc86300_0 .net "enable", 0 0, v0x83cc86760_0;  1 drivers
v0x83cc863a0 .array "inter_stage_bus", 5 0;
v0x83cc863a0_0 .net v0x83cc863a0 0, 7 0, L_0x83d040d90; 1 drivers
v0x83cc863a0_1 .net v0x83cc863a0 1, 7 0, L_0x83cc86bc0; 1 drivers
v0x83cc863a0_2 .net v0x83cc863a0 2, 7 0, L_0x83cc86ee0; 1 drivers
v0x83cc863a0_3 .net v0x83cc863a0 3, 7 0, L_0x83cc87200; 1 drivers
v0x83cc863a0_4 .net v0x83cc863a0 4, 7 0, L_0x83cc87520; 1 drivers
v0x83cc863a0_5 .net v0x83cc863a0 5, 7 0, L_0x83cc878e0; 1 drivers
v0x83cc86440_0 .net "n_rst", 0 0, v0x83cc86800_0;  1 drivers
L_0x83cc49f40 .part v0x83cc864e0_0, 0, 1;
L_0x83cc4a260 .part v0x83cc864e0_0, 1, 1;
L_0x83cc4a580 .part v0x83cc864e0_0, 2, 1;
L_0x83cc4a8a0 .part v0x83cc864e0_0, 3, 1;
L_0x83cc4abc0 .part v0x83cc864e0_0, 4, 1;
L_0x83cc4aee0 .part v0x83cc864e0_0, 5, 1;
L_0x83cc4b200 .part v0x83cc864e0_0, 6, 1;
L_0x83cc4b520 .part v0x83cc864e0_0, 7, 1;
L_0x83cc4b840 .part v0x83cc864e0_0, 8, 1;
L_0x83cc4bb60 .part v0x83cc864e0_0, 9, 1;
L_0x83cc4be80 .part v0x83cc864e0_0, 10, 1;
L_0x83cc881e0 .part v0x83cc864e0_0, 11, 1;
L_0x83cc88500 .part v0x83cc864e0_0, 12, 1;
L_0x83cc88820 .part v0x83cc864e0_0, 13, 1;
L_0x83cc88b40 .part v0x83cc864e0_0, 14, 1;
L_0x83cc88e60 .part v0x83cc864e0_0, 15, 1;
L_0x83cc89180 .part v0x83cc864e0_0, 16, 1;
L_0x83cc894a0 .part v0x83cc864e0_0, 17, 1;
L_0x83cc897c0 .part v0x83cc864e0_0, 18, 1;
L_0x83cc89ae0 .part v0x83cc864e0_0, 19, 1;
S_0x10122dd50 .scope generate, "NET_STAGES[0]" "NET_STAGES[0]" 3 58, 3 58 0, S_0x10122cbd0;
 .timescale -9 -12;
P_0x83d0ae040 .param/l "stagex" 1 3 58, +C4<00>;
S_0x101235c90 .scope generate, "STAGES_SWS[0]" "STAGES_SWS[0]" 3 59, 3 59 0, S_0x10122dd50;
 .timescale -9 -12;
P_0x101235e10 .param/l "D" 1 3 63, +C4<00000000000000000000000000000001>;
P_0x101235e50 .param/l "base_wire" 1 3 65, +C4<00000000000000000000000000000000>;
P_0x101235e90 .param/l "dist_0" 1 3 60, +C4<11111111111111111111111111111110>;
P_0x101235ed0 .param/l "dist_1" 1 3 61, +C4<00000000000000000000000000000010>;
P_0x101235f10 .param/l "dist_2" 1 3 62, +C4<00000000000000000000000000000010>;
P_0x101235f50 .param/l "partner_wire" 1 3 66, +C4<00000000000000000000000000000001>;
P_0x101235f90 .param/l "swx" 1 3 59, +C4<00>;
v0x83cc6a4e0_0 .net *"_ivl_10", 0 0, L_0x83cc4a120;  1 drivers
v0x83cc6a580_0 .net *"_ivl_13", 0 0, L_0x83cc4a1c0;  1 drivers
v0x83cc6a620_0 .net *"_ivl_3", 0 0, L_0x83cc49fe0;  1 drivers
v0x83cc6a6c0_0 .net *"_ivl_6", 0 0, L_0x83cc4a080;  1 drivers
L_0x83cc49fe0 .part L_0x83d040d90, 1, 1;
L_0x83cc4a080 .part L_0x83d040d90, 0, 1;
L_0x83cc86940 .concat [ 1 1 0 0], L_0x83cc4a080, L_0x83cc49fe0;
L_0x83cc4a120 .part v0x83cc6a440_0, 1, 1;
L_0x83cc4a1c0 .part v0x83cc6a440_0, 0, 1;
S_0x101235fd0 .scope module, "unit" "benes_sw2x2" 3 68, 4 6 0, S_0x101235c90;
 .timescale -9 -12;
    .port_info 0 /INPUT 1 "clk";
    .port_info 1 /INPUT 1 "n_rst";
    .port_info 2 /INPUT 1 "enable";
    .port_info 3 /INPUT 1 "cfg";
    .port_info 4 /INPUT 2 "in";
    .port_info 5 /OUTPUT 2 "out";
v0x83cc6a120_0 .net "cfg", 0 0, L_0x83cc49f40;  1 drivers
v0x83cc6a1c0_0 .net "clk", 0 0, v0x83cc86580_0;  alias, 1 drivers
v0x83cc6a260_0 .net "enable", 0 0, v0x83cc86760_0;  alias, 1 drivers
v0x83cc6a300_0 .net "in", 1 0, L_0x83cc86940;  1 drivers
v0x83cc6a3a0_0 .net "n_rst", 0 0, v0x83cc86800_0;  alias, 1 drivers
v0x83cc6a440_0 .var "out", 1 0;
E_0x83d04e140/0 .event negedge, v0x83cc6a3a0_0;
E_0x83d04e140/1 .event posedge, v0x83cc6a1c0_0;
E_0x83d04e140 .event/or E_0x83d04e140/0, E_0x83d04e140/1;
S_0x101236150 .scope generate, "STAGES_SWS[1]" "STAGES_SWS[1]" 3 59, 3 59 0, S_0x10122dd50;
 .timescale -9 -12;
P_0x1012362d0 .param/l "D" 1 3 63, +C4<00000000000000000000000000000001>;
P_0x101236310 .param/l "base_wire" 1 3 65, +C4<00000000000000000000000000000010>;
P_0x101236350 .param/l "dist_0" 1 3 60, +C4<11111111111111111111111111111110>;
P_0x101236390 .param/l "dist_1" 1 3 61, +C4<00000000000000000000000000000010>;
P_0x1012363d0 .param/l "dist_2" 1 3 62, +C4<00000000000000000000000000000010>;
P_0x101236410 .param/l "partner_wire" 1 3 66, +C4<00000000000000000000000000000011>;
P_0x101236450 .param/l "swx" 1 3 59, +C4<01>;
v0x83cc6ab20_0 .net *"_ivl_10", 0 0, L_0x83cc4a440;  1 drivers
v0x83cc6abc0_0 .net *"_ivl_13", 0 0, L_0x83cc4a4e0;  1 drivers
v0x83cc6ac60_0 .net *"_ivl_3", 0 0, L_0x83cc4a300;  1 drivers
v0x83cc6ad00_0 .net *"_ivl_6", 0 0, L_0x83cc4a3a0;  1 drivers
L_0x83cc4a300 .part L_0x83d040d90, 3, 1;
L_0x83cc4a3a0 .part L_0x83d040d90, 2, 1;
L_0x83cc869e0 .concat [ 1 1 0 0], L_0x83cc4a3a0, L_0x83cc4a300;
L_0x83cc4a440 .part v0x83cc6aa80_0, 1, 1;
L_0x83cc4a4e0 .part v0x83cc6aa80_0, 0, 1;
S_0x101236490 .scope module, "unit" "benes_sw2x2" 3 68, 4 6 0, S_0x101236150;
 .timescale -9 -12;
    .port_info 0 /INPUT 1 "clk";
    .port_info 1 /INPUT 1 "n_rst";
    .port_info 2 /INPUT 1 "enable";
    .port_info 3 /INPUT 1 "cfg";
    .port_info 4 /INPUT 2 "in";
    .port_info 5 /OUTPUT 2 "out";
v0x83cc6a760_0 .net "cfg", 0 0, L_0x83cc4a260;  1 drivers
v0x83cc6a800_0 .net "clk", 0 0, v0x83cc86580_0;  alias, 1 drivers
v0x83cc6a8a0_0 .net "enable", 0 0, v0x83cc86760_0;  alias, 1 drivers
v0x83cc6a940_0 .net "in", 1 0, L_0x83cc869e0;  1 drivers
v0x83cc6a9e0_0 .net "n_rst", 0 0, v0x83cc86800_0;  alias, 1 drivers
v0x83cc6aa80_0 .var "out", 1 0;
S_0x101236610 .scope generate, "STAGES_SWS[2]" "STAGES_SWS[2]" 3 59, 3 59 0, S_0x10122dd50;
 .timescale -9 -12;
P_0x101236790 .param/l "D" 1 3 63, +C4<00000000000000000000000000000001>;
P_0x1012367d0 .param/l "base_wire" 1 3 65, +C4<00000000000000000000000000000100>;
P_0x101236810 .param/l "dist_0" 1 3 60, +C4<11111111111111111111111111111110>;
P_0x101236850 .param/l "dist_1" 1 3 61, +C4<00000000000000000000000000000010>;
P_0x101236890 .param/l "dist_2" 1 3 62, +C4<00000000000000000000000000000010>;
P_0x1012368d0 .param/l "partner_wire" 1 3 66, +C4<00000000000000000000000000000101>;
P_0x101236910 .param/l "swx" 1 3 59, +C4<010>;
v0x83cc6b160_0 .net *"_ivl_10", 0 0, L_0x83cc4a760;  1 drivers
v0x83cc6b200_0 .net *"_ivl_13", 0 0, L_0x83cc4a800;  1 drivers
v0x83cc6b2a0_0 .net *"_ivl_3", 0 0, L_0x83cc4a620;  1 drivers
v0x83cc6b340_0 .net *"_ivl_6", 0 0, L_0x83cc4a6c0;  1 drivers
L_0x83cc4a620 .part L_0x83d040d90, 5, 1;
L_0x83cc4a6c0 .part L_0x83d040d90, 4, 1;
L_0x83cc86a80 .concat [ 1 1 0 0], L_0x83cc4a6c0, L_0x83cc4a620;
L_0x83cc4a760 .part v0x83cc6b0c0_0, 1, 1;
L_0x83cc4a800 .part v0x83cc6b0c0_0, 0, 1;
S_0x101236950 .scope module, "unit" "benes_sw2x2" 3 68, 4 6 0, S_0x101236610;
 .timescale -9 -12;
    .port_info 0 /INPUT 1 "clk";
    .port_info 1 /INPUT 1 "n_rst";
    .port_info 2 /INPUT 1 "enable";
    .port_info 3 /INPUT 1 "cfg";
    .port_info 4 /INPUT 2 "in";
    .port_info 5 /OUTPUT 2 "out";
v0x83cc6ada0_0 .net "cfg", 0 0, L_0x83cc4a580;  1 drivers
v0x83cc6ae40_0 .net "clk", 0 0, v0x83cc86580_0;  alias, 1 drivers
v0x83cc6aee0_0 .net "enable", 0 0, v0x83cc86760_0;  alias, 1 drivers
v0x83cc6af80_0 .net "in", 1 0, L_0x83cc86a80;  1 drivers
v0x83cc6b020_0 .net "n_rst", 0 0, v0x83cc86800_0;  alias, 1 drivers
v0x83cc6b0c0_0 .var "out", 1 0;
S_0x83cc78000 .scope generate, "STAGES_SWS[3]" "STAGES_SWS[3]" 3 59, 3 59 0, S_0x10122dd50;
 .timescale -9 -12;
P_0x101236ad0 .param/l "D" 1 3 63, +C4<00000000000000000000000000000001>;
P_0x101236b10 .param/l "base_wire" 1 3 65, +C4<00000000000000000000000000000110>;
P_0x101236b50 .param/l "dist_0" 1 3 60, +C4<11111111111111111111111111111110>;
P_0x101236b90 .param/l "dist_1" 1 3 61, +C4<00000000000000000000000000000010>;
P_0x101236bd0 .param/l "dist_2" 1 3 62, +C4<00000000000000000000000000000010>;
P_0x101236c10 .param/l "partner_wire" 1 3 66, +C4<00000000000000000000000000000111>;
P_0x101236c50 .param/l "swx" 1 3 59, +C4<011>;
v0x83cc6b7a0_0 .net *"_ivl_10", 0 0, L_0x83cc4aa80;  1 drivers
v0x83cc6b840_0 .net *"_ivl_13", 0 0, L_0x83cc4ab20;  1 drivers
v0x83cc6b8e0_0 .net *"_ivl_3", 0 0, L_0x83cc4a940;  1 drivers
v0x83cc6b980_0 .net *"_ivl_6", 0 0, L_0x83cc4a9e0;  1 drivers
L_0x83cc4a940 .part L_0x83d040d90, 7, 1;
L_0x83cc4a9e0 .part L_0x83d040d90, 6, 1;
L_0x83cc86b20 .concat [ 1 1 0 0], L_0x83cc4a9e0, L_0x83cc4a940;
LS_0x83cc86bc0_0_0 .concat8 [ 1 1 1 1], L_0x83cc4a1c0, L_0x83cc4a120, L_0x83cc4a4e0, L_0x83cc4a440;
LS_0x83cc86bc0_0_4 .concat8 [ 1 1 1 1], L_0x83cc4a800, L_0x83cc4a760, L_0x83cc4ab20, L_0x83cc4aa80;
L_0x83cc86bc0 .concat8 [ 4 4 0 0], LS_0x83cc86bc0_0_0, LS_0x83cc86bc0_0_4;
L_0x83cc4aa80 .part v0x83cc6b700_0, 1, 1;
L_0x83cc4ab20 .part v0x83cc6b700_0, 0, 1;
S_0x83cc78180 .scope module, "unit" "benes_sw2x2" 3 68, 4 6 0, S_0x83cc78000;
 .timescale -9 -12;
    .port_info 0 /INPUT 1 "clk";
    .port_info 1 /INPUT 1 "n_rst";
    .port_info 2 /INPUT 1 "enable";
    .port_info 3 /INPUT 1 "cfg";
    .port_info 4 /INPUT 2 "in";
    .port_info 5 /OUTPUT 2 "out";
v0x83cc6b3e0_0 .net "cfg", 0 0, L_0x83cc4a8a0;  1 drivers
v0x83cc6b480_0 .net "clk", 0 0, v0x83cc86580_0;  alias, 1 drivers
v0x83cc6b520_0 .net "enable", 0 0, v0x83cc86760_0;  alias, 1 drivers
v0x83cc6b5c0_0 .net "in", 1 0, L_0x83cc86b20;  1 drivers
v0x83cc6b660_0 .net "n_rst", 0 0, v0x83cc86800_0;  alias, 1 drivers
v0x83cc6b700_0 .var "out", 1 0;
S_0x83cc78300 .scope generate, "NET_STAGES[1]" "NET_STAGES[1]" 3 58, 3 58 0, S_0x10122cbd0;
 .timescale -9 -12;
P_0x83d0ae080 .param/l "stagex" 1 3 58, +C4<01>;
S_0x83cc78480 .scope generate, "STAGES_SWS[0]" "STAGES_SWS[0]" 3 59, 3 59 0, S_0x83cc78300;
 .timescale -9 -12;
P_0x101236c90 .param/l "D" 1 3 63, +C4<00000000000000000000000000000010>;
P_0x101236cd0 .param/l "base_wire" 1 3 65, +C4<00000000000000000000000000000000>;
P_0x101236d10 .param/l "dist_0" 1 3 60, +C4<11111111111111111111111111111111>;
P_0x101236d50 .param/l "dist_1" 1 3 61, +C4<00000000000000000000000000000001>;
P_0x101236d90 .param/l "dist_2" 1 3 62, +C4<00000000000000000000000000000010>;
P_0x101236dd0 .param/l "partner_wire" 1 3 66, +C4<00000000000000000000000000000010>;
P_0x101236e10 .param/l "swx" 1 3 59, +C4<00>;
v0x83cc6bde0_0 .net *"_ivl_10", 0 0, L_0x83cc4ada0;  1 drivers
v0x83cc6be80_0 .net *"_ivl_13", 0 0, L_0x83cc4ae40;  1 drivers
v0x83cc6bf20_0 .net *"_ivl_3", 0 0, L_0x83cc4ac60;  1 drivers
v0x83cc7c000_0 .net *"_ivl_6", 0 0, L_0x83cc4ad00;  1 drivers
L_0x83cc4ac60 .part L_0x83cc86bc0, 2, 1;
L_0x83cc4ad00 .part L_0x83cc86bc0, 0, 1;
L_0x83cc86c60 .concat [ 1 1 0 0], L_0x83cc4ad00, L_0x83cc4ac60;
L_0x83cc4ada0 .part v0x83cc6bd40_0, 1, 1;
L_0x83cc4ae40 .part v0x83cc6bd40_0, 0, 1;
S_0x83cc78600 .scope module, "unit" "benes_sw2x2" 3 68, 4 6 0, S_0x83cc78480;
 .timescale -9 -12;
    .port_info 0 /INPUT 1 "clk";
    .port_info 1 /INPUT 1 "n_rst";
    .port_info 2 /INPUT 1 "enable";
    .port_info 3 /INPUT 1 "cfg";
    .port_info 4 /INPUT 2 "in";
    .port_info 5 /OUTPUT 2 "out";
v0x83cc6ba20_0 .net "cfg", 0 0, L_0x83cc4abc0;  1 drivers
v0x83cc6bac0_0 .net "clk", 0 0, v0x83cc86580_0;  alias, 1 drivers
v0x83cc6bb60_0 .net "enable", 0 0, v0x83cc86760_0;  alias, 1 drivers
v0x83cc6bc00_0 .net "in", 1 0, L_0x83cc86c60;  1 drivers
v0x83cc6bca0_0 .net "n_rst", 0 0, v0x83cc86800_0;  alias, 1 drivers
v0x83cc6bd40_0 .var "out", 1 0;
S_0x83cc78780 .scope generate, "STAGES_SWS[1]" "STAGES_SWS[1]" 3 59, 3 59 0, S_0x83cc78300;
 .timescale -9 -12;
P_0x101236e50 .param/l "D" 1 3 63, +C4<00000000000000000000000000000010>;
P_0x101236e90 .param/l "base_wire" 1 3 65, +C4<00000000000000000000000000000001>;
P_0x101236ed0 .param/l "dist_0" 1 3 60, +C4<11111111111111111111111111111111>;
P_0x101236f10 .param/l "dist_1" 1 3 61, +C4<00000000000000000000000000000001>;
P_0x101236f50 .param/l "dist_2" 1 3 62, +C4<00000000000000000000000000000010>;
P_0x101236f90 .param/l "partner_wire" 1 3 66, +C4<00000000000000000000000000000011>;
P_0x101236fd0 .param/l "swx" 1 3 59, +C4<01>;
v0x83cc7c460_0 .net *"_ivl_10", 0 0, L_0x83cc4b0c0;  1 drivers
v0x83cc7c500_0 .net *"_ivl_13", 0 0, L_0x83cc4b160;  1 drivers
v0x83cc7c5a0_0 .net *"_ivl_3", 0 0, L_0x83cc4af80;  1 drivers
v0x83cc7c640_0 .net *"_ivl_6", 0 0, L_0x83cc4b020;  1 drivers
L_0x83cc4af80 .part L_0x83cc86bc0, 3, 1;
L_0x83cc4b020 .part L_0x83cc86bc0, 1, 1;
L_0x83cc86d00 .concat [ 1 1 0 0], L_0x83cc4b020, L_0x83cc4af80;
L_0x83cc4b0c0 .part v0x83cc7c3c0_0, 1, 1;
L_0x83cc4b160 .part v0x83cc7c3c0_0, 0, 1;
S_0x83cc78900 .scope module, "unit" "benes_sw2x2" 3 68, 4 6 0, S_0x83cc78780;
 .timescale -9 -12;
    .port_info 0 /INPUT 1 "clk";
    .port_info 1 /INPUT 1 "n_rst";
    .port_info 2 /INPUT 1 "enable";
    .port_info 3 /INPUT 1 "cfg";
    .port_info 4 /INPUT 2 "in";
    .port_info 5 /OUTPUT 2 "out";
v0x83cc7c0a0_0 .net "cfg", 0 0, L_0x83cc4aee0;  1 drivers
v0x83cc7c140_0 .net "clk", 0 0, v0x83cc86580_0;  alias, 1 drivers
v0x83cc7c1e0_0 .net "enable", 0 0, v0x83cc86760_0;  alias, 1 drivers
v0x83cc7c280_0 .net "in", 1 0, L_0x83cc86d00;  1 drivers
v0x83cc7c320_0 .net "n_rst", 0 0, v0x83cc86800_0;  alias, 1 drivers
v0x83cc7c3c0_0 .var "out", 1 0;
S_0x83cc78a80 .scope generate, "STAGES_SWS[2]" "STAGES_SWS[2]" 3 59, 3 59 0, S_0x83cc78300;
 .timescale -9 -12;
P_0x101237010 .param/l "D" 1 3 63, +C4<00000000000000000000000000000010>;
P_0x101237050 .param/l "base_wire" 1 3 65, +C4<00000000000000000000000000000100>;
P_0x101237090 .param/l "dist_0" 1 3 60, +C4<11111111111111111111111111111111>;
P_0x1012370d0 .param/l "dist_1" 1 3 61, +C4<00000000000000000000000000000001>;
P_0x101237110 .param/l "dist_2" 1 3 62, +C4<00000000000000000000000000000010>;
P_0x101237150 .param/l "partner_wire" 1 3 66, +C4<00000000000000000000000000000110>;
P_0x101237190 .param/l "swx" 1 3 59, +C4<010>;
v0x83cc7caa0_0 .net *"_ivl_10", 0 0, L_0x83cc4b3e0;  1 drivers
v0x83cc7cb40_0 .net *"_ivl_13", 0 0, L_0x83cc4b480;  1 drivers
v0x83cc7cbe0_0 .net *"_ivl_3", 0 0, L_0x83cc4b2a0;  1 drivers
v0x83cc7cc80_0 .net *"_ivl_6", 0 0, L_0x83cc4b340;  1 drivers
L_0x83cc4b2a0 .part L_0x83cc86bc0, 6, 1;
L_0x83cc4b340 .part L_0x83cc86bc0, 4, 1;
L_0x83cc86da0 .concat [ 1 1 0 0], L_0x83cc4b340, L_0x83cc4b2a0;
L_0x83cc4b3e0 .part v0x83cc7ca00_0, 1, 1;
L_0x83cc4b480 .part v0x83cc7ca00_0, 0, 1;
S_0x83cc78c00 .scope module, "unit" "benes_sw2x2" 3 68, 4 6 0, S_0x83cc78a80;
 .timescale -9 -12;
    .port_info 0 /INPUT 1 "clk";
    .port_info 1 /INPUT 1 "n_rst";
    .port_info 2 /INPUT 1 "enable";
    .port_info 3 /INPUT 1 "cfg";
    .port_info 4 /INPUT 2 "in";
    .port_info 5 /OUTPUT 2 "out";
v0x83cc7c6e0_0 .net "cfg", 0 0, L_0x83cc4b200;  1 drivers
v0x83cc7c780_0 .net "clk", 0 0, v0x83cc86580_0;  alias, 1 drivers
v0x83cc7c820_0 .net "enable", 0 0, v0x83cc86760_0;  alias, 1 drivers
v0x83cc7c8c0_0 .net "in", 1 0, L_0x83cc86da0;  1 drivers
v0x83cc7c960_0 .net "n_rst", 0 0, v0x83cc86800_0;  alias, 1 drivers
v0x83cc7ca00_0 .var "out", 1 0;
S_0x83cc78d80 .scope generate, "STAGES_SWS[3]" "STAGES_SWS[3]" 3 59, 3 59 0, S_0x83cc78300;
 .timescale -9 -12;
P_0x1012371d0 .param/l "D" 1 3 63, +C4<00000000000000000000000000000010>;
P_0x101237210 .param/l "base_wire" 1 3 65, +C4<00000000000000000000000000000101>;
P_0x101237250 .param/l "dist_0" 1 3 60, +C4<11111111111111111111111111111111>;
P_0x101237290 .param/l "dist_1" 1 3 61, +C4<00000000000000000000000000000001>;
P_0x1012372d0 .param/l "dist_2" 1 3 62, +C4<00000000000000000000000000000010>;
P_0x101237310 .param/l "partner_wire" 1 3 66, +C4<00000000000000000000000000000111>;
P_0x101237350 .param/l "swx" 1 3 59, +C4<011>;
v0x83cc7d0e0_0 .net *"_ivl_10", 0 0, L_0x83cc4b700;  1 drivers
v0x83cc7d180_0 .net *"_ivl_13", 0 0, L_0x83cc4b7a0;  1 drivers
v0x83cc7d220_0 .net *"_ivl_3", 0 0, L_0x83cc4b5c0;  1 drivers
v0x83cc7d2c0_0 .net *"_ivl_6", 0 0, L_0x83cc4b660;  1 drivers
L_0x83cc4b5c0 .part L_0x83cc86bc0, 7, 1;
L_0x83cc4b660 .part L_0x83cc86bc0, 5, 1;
L_0x83cc86e40 .concat [ 1 1 0 0], L_0x83cc4b660, L_0x83cc4b5c0;
LS_0x83cc86ee0_0_0 .concat8 [ 1 1 1 1], L_0x83cc4ae40, L_0x83cc4b160, L_0x83cc4ada0, L_0x83cc4b0c0;
LS_0x83cc86ee0_0_4 .concat8 [ 1 1 1 1], L_0x83cc4b480, L_0x83cc4b7a0, L_0x83cc4b3e0, L_0x83cc4b700;
L_0x83cc86ee0 .concat8 [ 4 4 0 0], LS_0x83cc86ee0_0_0, LS_0x83cc86ee0_0_4;
L_0x83cc4b700 .part v0x83cc7d040_0, 1, 1;
L_0x83cc4b7a0 .part v0x83cc7d040_0, 0, 1;
S_0x83cc78f00 .scope module, "unit" "benes_sw2x2" 3 68, 4 6 0, S_0x83cc78d80;
 .timescale -9 -12;
    .port_info 0 /INPUT 1 "clk";
    .port_info 1 /INPUT 1 "n_rst";
    .port_info 2 /INPUT 1 "enable";
    .port_info 3 /INPUT 1 "cfg";
    .port_info 4 /INPUT 2 "in";
    .port_info 5 /OUTPUT 2 "out";
v0x83cc7cd20_0 .net "cfg", 0 0, L_0x83cc4b520;  1 drivers
v0x83cc7cdc0_0 .net "clk", 0 0, v0x83cc86580_0;  alias, 1 drivers
v0x83cc7ce60_0 .net "enable", 0 0, v0x83cc86760_0;  alias, 1 drivers
v0x83cc7cf00_0 .net "in", 1 0, L_0x83cc86e40;  1 drivers
v0x83cc7cfa0_0 .net "n_rst", 0 0, v0x83cc86800_0;  alias, 1 drivers
v0x83cc7d040_0 .var "out", 1 0;
S_0x83cc79080 .scope generate, "NET_STAGES[2]" "NET_STAGES[2]" 3 58, 3 58 0, S_0x10122cbd0;
 .timescale -9 -12;
P_0x83d0ae0c0 .param/l "stagex" 1 3 58, +C4<010>;
S_0x83cc79200 .scope generate, "STAGES_SWS[0]" "STAGES_SWS[0]" 3 59, 3 59 0, S_0x83cc79080;
 .timescale -9 -12;
P_0x101237390 .param/l "D" 1 3 63, +C4<00000000000000000000000000000100>;
P_0x1012373d0 .param/l "base_wire" 1 3 65, +C4<00000000000000000000000000000000>;
P_0x101237410 .param/l "dist_0" 1 3 60, +C4<00000000000000000000000000000000>;
P_0x101237450 .param/l "dist_1" 1 3 61, +C4<00000000000000000000000000000000>;
P_0x101237490 .param/l "dist_2" 1 3 62, +C4<00000000000000000000000000000010>;
P_0x1012374d0 .param/l "partner_wire" 1 3 66, +C4<00000000000000000000000000000100>;
P_0x101237510 .param/l "swx" 1 3 59, +C4<00>;
v0x83cc7d720_0 .net *"_ivl_10", 0 0, L_0x83cc4ba20;  1 drivers
v0x83cc7d7c0_0 .net *"_ivl_13", 0 0, L_0x83cc4bac0;  1 drivers
v0x83cc7d860_0 .net *"_ivl_3", 0 0, L_0x83cc4b8e0;  1 drivers
v0x83cc7d900_0 .net *"_ivl_6", 0 0, L_0x83cc4b980;  1 drivers
L_0x83cc4b8e0 .part L_0x83cc86ee0, 4, 1;
L_0x83cc4b980 .part L_0x83cc86ee0, 0, 1;
L_0x83cc86f80 .concat [ 1 1 0 0], L_0x83cc4b980, L_0x83cc4b8e0;
L_0x83cc4ba20 .part v0x83cc7d680_0, 1, 1;
L_0x83cc4bac0 .part v0x83cc7d680_0, 0, 1;
S_0x83cc79380 .scope module, "unit" "benes_sw2x2" 3 68, 4 6 0, S_0x83cc79200;
 .timescale -9 -12;
    .port_info 0 /INPUT 1 "clk";
    .port_info 1 /INPUT 1 "n_rst";
    .port_info 2 /INPUT 1 "enable";
    .port_info 3 /INPUT 1 "cfg";
    .port_info 4 /INPUT 2 "in";
    .port_info 5 /OUTPUT 2 "out";
v0x83cc7d360_0 .net "cfg", 0 0, L_0x83cc4b840;  1 drivers
v0x83cc7d400_0 .net "clk", 0 0, v0x83cc86580_0;  alias, 1 drivers
v0x83cc7d4a0_0 .net "enable", 0 0, v0x83cc86760_0;  alias, 1 drivers
v0x83cc7d540_0 .net "in", 1 0, L_0x83cc86f80;  1 drivers
v0x83cc7d5e0_0 .net "n_rst", 0 0, v0x83cc86800_0;  alias, 1 drivers
v0x83cc7d680_0 .var "out", 1 0;
S_0x83cc79500 .scope generate, "STAGES_SWS[1]" "STAGES_SWS[1]" 3 59, 3 59 0, S_0x83cc79080;
 .timescale -9 -12;
P_0x83cc80000 .param/l "D" 1 3 63, +C4<00000000000000000000000000000100>;
P_0x83cc80040 .param/l "base_wire" 1 3 65, +C4<00000000000000000000000000000001>;
P_0x83cc80080 .param/l "dist_0" 1 3 60, +C4<00000000000000000000000000000000>;
P_0x83cc800c0 .param/l "dist_1" 1 3 61, +C4<00000000000000000000000000000000>;
P_0x83cc80100 .param/l "dist_2" 1 3 62, +C4<00000000000000000000000000000010>;
P_0x83cc80140 .param/l "partner_wire" 1 3 66, +C4<00000000000000000000000000000101>;
P_0x83cc80180 .param/l "swx" 1 3 59, +C4<01>;
v0x83cc7dd60_0 .net *"_ivl_10", 0 0, L_0x83cc4bd40;  1 drivers
v0x83cc7de00_0 .net *"_ivl_13", 0 0, L_0x83cc4bde0;  1 drivers
v0x83cc7dea0_0 .net *"_ivl_3", 0 0, L_0x83cc4bc00;  1 drivers
v0x83cc7df40_0 .net *"_ivl_6", 0 0, L_0x83cc4bca0;  1 drivers
L_0x83cc4bc00 .part L_0x83cc86ee0, 5, 1;
L_0x83cc4bca0 .part L_0x83cc86ee0, 1, 1;
L_0x83cc87020 .concat [ 1 1 0 0], L_0x83cc4bca0, L_0x83cc4bc00;
L_0x83cc4bd40 .part v0x83cc7dcc0_0, 1, 1;
L_0x83cc4bde0 .part v0x83cc7dcc0_0, 0, 1;
S_0x83cc79680 .scope module, "unit" "benes_sw2x2" 3 68, 4 6 0, S_0x83cc79500;
 .timescale -9 -12;
    .port_info 0 /INPUT 1 "clk";
    .port_info 1 /INPUT 1 "n_rst";
    .port_info 2 /INPUT 1 "enable";
    .port_info 3 /INPUT 1 "cfg";
    .port_info 4 /INPUT 2 "in";
    .port_info 5 /OUTPUT 2 "out";
v0x83cc7d9a0_0 .net "cfg", 0 0, L_0x83cc4bb60;  1 drivers
v0x83cc7da40_0 .net "clk", 0 0, v0x83cc86580_0;  alias, 1 drivers
v0x83cc7dae0_0 .net "enable", 0 0, v0x83cc86760_0;  alias, 1 drivers
v0x83cc7db80_0 .net "in", 1 0, L_0x83cc87020;  1 drivers
v0x83cc7dc20_0 .net "n_rst", 0 0, v0x83cc86800_0;  alias, 1 drivers
v0x83cc7dcc0_0 .var "out", 1 0;
S_0x83cc79800 .scope generate, "STAGES_SWS[2]" "STAGES_SWS[2]" 3 59, 3 59 0, S_0x83cc79080;
 .timescale -9 -12;
P_0x83cc801c0 .param/l "D" 1 3 63, +C4<00000000000000000000000000000100>;
P_0x83cc80200 .param/l "base_wire" 1 3 65, +C4<00000000000000000000000000000010>;
P_0x83cc80240 .param/l "dist_0" 1 3 60, +C4<00000000000000000000000000000000>;
P_0x83cc80280 .param/l "dist_1" 1 3 61, +C4<00000000000000000000000000000000>;
P_0x83cc802c0 .param/l "dist_2" 1 3 62, +C4<00000000000000000000000000000010>;
P_0x83cc80300 .param/l "partner_wire" 1 3 66, +C4<00000000000000000000000000000110>;
P_0x83cc80340 .param/l "swx" 1 3 59, +C4<010>;
v0x83cc7e3a0_0 .net *"_ivl_10", 0 0, L_0x83cc880a0;  1 drivers
v0x83cc7e440_0 .net *"_ivl_13", 0 0, L_0x83cc88140;  1 drivers
v0x83cc7e4e0_0 .net *"_ivl_3", 0 0, L_0x83cc4bf20;  1 drivers
v0x83cc7e580_0 .net *"_ivl_6", 0 0, L_0x83cc88000;  1 drivers
L_0x83cc4bf20 .part L_0x83cc86ee0, 6, 1;
L_0x83cc88000 .part L_0x83cc86ee0, 2, 1;
L_0x83cc870c0 .concat [ 1 1 0 0], L_0x83cc88000, L_0x83cc4bf20;
L_0x83cc880a0 .part v0x83cc7e300_0, 1, 1;
L_0x83cc88140 .part v0x83cc7e300_0, 0, 1;
S_0x83cc79980 .scope module, "unit" "benes_sw2x2" 3 68, 4 6 0, S_0x83cc79800;
 .timescale -9 -12;
    .port_info 0 /INPUT 1 "clk";
    .port_info 1 /INPUT 1 "n_rst";
    .port_info 2 /INPUT 1 "enable";
    .port_info 3 /INPUT 1 "cfg";
    .port_info 4 /INPUT 2 "in";
    .port_info 5 /OUTPUT 2 "out";
v0x83cc7dfe0_0 .net "cfg", 0 0, L_0x83cc4be80;  1 drivers
v0x83cc7e080_0 .net "clk", 0 0, v0x83cc86580_0;  alias, 1 drivers
v0x83cc7e120_0 .net "enable", 0 0, v0x83cc86760_0;  alias, 1 drivers
v0x83cc7e1c0_0 .net "in", 1 0, L_0x83cc870c0;  1 drivers
v0x83cc7e260_0 .net "n_rst", 0 0, v0x83cc86800_0;  alias, 1 drivers
v0x83cc7e300_0 .var "out", 1 0;
S_0x83cc79b00 .scope generate, "STAGES_SWS[3]" "STAGES_SWS[3]" 3 59, 3 59 0, S_0x83cc79080;
 .timescale -9 -12;
P_0x83cc80380 .param/l "D" 1 3 63, +C4<00000000000000000000000000000100>;
P_0x83cc803c0 .param/l "base_wire" 1 3 65, +C4<00000000000000000000000000000011>;
P_0x83cc80400 .param/l "dist_0" 1 3 60, +C4<00000000000000000000000000000000>;
P_0x83cc80440 .param/l "dist_1" 1 3 61, +C4<00000000000000000000000000000000>;
P_0x83cc80480 .param/l "dist_2" 1 3 62, +C4<00000000000000000000000000000010>;
P_0x83cc804c0 .param/l "partner_wire" 1 3 66, +C4<00000000000000000000000000000111>;
P_0x83cc80500 .param/l "swx" 1 3 59, +C4<011>;
v0x83cc7e9e0_0 .net *"_ivl_10", 0 0, L_0x83cc883c0;  1 drivers
v0x83cc7ea80_0 .net *"_ivl_13", 0 0, L_0x83cc88460;  1 drivers
v0x83cc7eb20_0 .net *"_ivl_3", 0 0, L_0x83cc88280;  1 drivers
v0x83cc7ebc0_0 .net *"_ivl_6", 0 0, L_0x83cc88320;  1 drivers
L_0x83cc88280 .part L_0x83cc86ee0, 7, 1;
L_0x83cc88320 .part L_0x83cc86ee0, 3, 1;
L_0x83cc87160 .concat [ 1 1 0 0], L_0x83cc88320, L_0x83cc88280;
LS_0x83cc87200_0_0 .concat8 [ 1 1 1 1], L_0x83cc4bac0, L_0x83cc4bde0, L_0x83cc88140, L_0x83cc88460;
LS_0x83cc87200_0_4 .concat8 [ 1 1 1 1], L_0x83cc4ba20, L_0x83cc4bd40, L_0x83cc880a0, L_0x83cc883c0;
L_0x83cc87200 .concat8 [ 4 4 0 0], LS_0x83cc87200_0_0, LS_0x83cc87200_0_4;
L_0x83cc883c0 .part v0x83cc7e940_0, 1, 1;
L_0x83cc88460 .part v0x83cc7e940_0, 0, 1;
S_0x83cc79c80 .scope module, "unit" "benes_sw2x2" 3 68, 4 6 0, S_0x83cc79b00;
 .timescale -9 -12;
    .port_info 0 /INPUT 1 "clk";
    .port_info 1 /INPUT 1 "n_rst";
    .port_info 2 /INPUT 1 "enable";
    .port_info 3 /INPUT 1 "cfg";
    .port_info 4 /INPUT 2 "in";
    .port_info 5 /OUTPUT 2 "out";
v0x83cc7e620_0 .net "cfg", 0 0, L_0x83cc881e0;  1 drivers
v0x83cc7e6c0_0 .net "clk", 0 0, v0x83cc86580_0;  alias, 1 drivers
v0x83cc7e760_0 .net "enable", 0 0, v0x83cc86760_0;  alias, 1 drivers
v0x83cc7e800_0 .net "in", 1 0, L_0x83cc87160;  1 drivers
v0x83cc7e8a0_0 .net "n_rst", 0 0, v0x83cc86800_0;  alias, 1 drivers
v0x83cc7e940_0 .var "out", 1 0;
S_0x83cc79e00 .scope generate, "NET_STAGES[3]" "NET_STAGES[3]" 3 58, 3 58 0, S_0x10122cbd0;
 .timescale -9 -12;
P_0x83d0ae100 .param/l "stagex" 1 3 58, +C4<011>;
S_0x83cc79f80 .scope generate, "STAGES_SWS[0]" "STAGES_SWS[0]" 3 59, 3 59 0, S_0x83cc79e00;
 .timescale -9 -12;
P_0x83cc80540 .param/l "D" 1 3 63, +C4<00000000000000000000000000000010>;
P_0x83cc80580 .param/l "base_wire" 1 3 65, +C4<00000000000000000000000000000000>;
P_0x83cc805c0 .param/l "dist_0" 1 3 60, +C4<00000000000000000000000000000001>;
P_0x83cc80600 .param/l "dist_1" 1 3 61, +C4<00000000000000000000000000000001>;
P_0x83cc80640 .param/l "dist_2" 1 3 62, +C4<00000000000000000000000000000010>;
P_0x83cc80680 .param/l "partner_wire" 1 3 66, +C4<00000000000000000000000000000010>;
P_0x83cc806c0 .param/l "swx" 1 3 59, +C4<00>;
v0x83cc7f020_0 .net *"_ivl_10", 0 0, L_0x83cc886e0;  1 drivers
v0x83cc7f0c0_0 .net *"_ivl_13", 0 0, L_0x83cc88780;  1 drivers
v0x83cc7f160_0 .net *"_ivl_3", 0 0, L_0x83cc885a0;  1 drivers
v0x83cc7f200_0 .net *"_ivl_6", 0 0, L_0x83cc88640;  1 drivers
L_0x83cc885a0 .part L_0x83cc87200, 2, 1;
L_0x83cc88640 .part L_0x83cc87200, 0, 1;
L_0x83cc872a0 .concat [ 1 1 0 0], L_0x83cc88640, L_0x83cc885a0;
L_0x83cc886e0 .part v0x83cc7ef80_0, 1, 1;
L_0x83cc88780 .part v0x83cc7ef80_0, 0, 1;
S_0x83cc7a100 .scope module, "unit" "benes_sw2x2" 3 68, 4 6 0, S_0x83cc79f80;
 .timescale -9 -12;
    .port_info 0 /INPUT 1 "clk";
    .port_info 1 /INPUT 1 "n_rst";
    .port_info 2 /INPUT 1 "enable";
    .port_info 3 /INPUT 1 "cfg";
    .port_info 4 /INPUT 2 "in";
    .port_info 5 /OUTPUT 2 "out";
v0x83cc7ec60_0 .net "cfg", 0 0, L_0x83cc88500;  1 drivers
v0x83cc7ed00_0 .net "clk", 0 0, v0x83cc86580_0;  alias, 1 drivers
v0x83cc7eda0_0 .net "enable", 0 0, v0x83cc86760_0;  alias, 1 drivers
v0x83cc7ee40_0 .net "in", 1 0, L_0x83cc872a0;  1 drivers
v0x83cc7eee0_0 .net "n_rst", 0 0, v0x83cc86800_0;  alias, 1 drivers
v0x83cc7ef80_0 .var "out", 1 0;
S_0x83cc7a280 .scope generate, "STAGES_SWS[1]" "STAGES_SWS[1]" 3 59, 3 59 0, S_0x83cc79e00;
 .timescale -9 -12;
P_0x83cc80700 .param/l "D" 1 3 63, +C4<00000000000000000000000000000010>;
P_0x83cc80740 .param/l "base_wire" 1 3 65, +C4<00000000000000000000000000000001>;
P_0x83cc80780 .param/l "dist_0" 1 3 60, +C4<00000000000000000000000000000001>;
P_0x83cc807c0 .param/l "dist_1" 1 3 61, +C4<00000000000000000000000000000001>;
P_0x83cc80800 .param/l "dist_2" 1 3 62, +C4<00000000000000000000000000000010>;
P_0x83cc80840 .param/l "partner_wire" 1 3 66, +C4<00000000000000000000000000000011>;
P_0x83cc80880 .param/l "swx" 1 3 59, +C4<01>;
v0x83cc7f660_0 .net *"_ivl_10", 0 0, L_0x83cc88a00;  1 drivers
v0x83cc7f700_0 .net *"_ivl_13", 0 0, L_0x83cc88aa0;  1 drivers
v0x83cc7f7a0_0 .net *"_ivl_3", 0 0, L_0x83cc888c0;  1 drivers
v0x83cc7f840_0 .net *"_ivl_6", 0 0, L_0x83cc88960;  1 drivers
L_0x83cc888c0 .part L_0x83cc87200, 3, 1;
L_0x83cc88960 .part L_0x83cc87200, 1, 1;
L_0x83cc87340 .concat [ 1 1 0 0], L_0x83cc88960, L_0x83cc888c0;
L_0x83cc88a00 .part v0x83cc7f5c0_0, 1, 1;
L_0x83cc88aa0 .part v0x83cc7f5c0_0, 0, 1;
S_0x83cc7a400 .scope module, "unit" "benes_sw2x2" 3 68, 4 6 0, S_0x83cc7a280;
 .timescale -9 -12;
    .port_info 0 /INPUT 1 "clk";
    .port_info 1 /INPUT 1 "n_rst";
    .port_info 2 /INPUT 1 "enable";
    .port_info 3 /INPUT 1 "cfg";
    .port_info 4 /INPUT 2 "in";
    .port_info 5 /OUTPUT 2 "out";
v0x83cc7f2a0_0 .net "cfg", 0 0, L_0x83cc88820;  1 drivers
v0x83cc7f340_0 .net "clk", 0 0, v0x83cc86580_0;  alias, 1 drivers
v0x83cc7f3e0_0 .net "enable", 0 0, v0x83cc86760_0;  alias, 1 drivers
v0x83cc7f480_0 .net "in", 1 0, L_0x83cc87340;  1 drivers
v0x83cc7f520_0 .net "n_rst", 0 0, v0x83cc86800_0;  alias, 1 drivers
v0x83cc7f5c0_0 .var "out", 1 0;
S_0x83cc7a580 .scope generate, "STAGES_SWS[2]" "STAGES_SWS[2]" 3 59, 3 59 0, S_0x83cc79e00;
 .timescale -9 -12;
P_0x83cc808c0 .param/l "D" 1 3 63, +C4<00000000000000000000000000000010>;
P_0x83cc80900 .param/l "base_wire" 1 3 65, +C4<00000000000000000000000000000100>;
P_0x83cc80940 .param/l "dist_0" 1 3 60, +C4<00000000000000000000000000000001>;
P_0x83cc80980 .param/l "dist_1" 1 3 61, +C4<00000000000000000000000000000001>;
P_0x83cc809c0 .param/l "dist_2" 1 3 62, +C4<00000000000000000000000000000010>;
P_0x83cc80a00 .param/l "partner_wire" 1 3 66, +C4<00000000000000000000000000000110>;
P_0x83cc80a40 .param/l "swx" 1 3 59, +C4<010>;
v0x83cc7fca0_0 .net *"_ivl_10", 0 0, L_0x83cc88d20;  1 drivers
v0x83cc7fd40_0 .net *"_ivl_13", 0 0, L_0x83cc88dc0;  1 drivers
v0x83cc7fde0_0 .net *"_ivl_3", 0 0, L_0x83cc88be0;  1 drivers
v0x83cc7fe80_0 .net *"_ivl_6", 0 0, L_0x83cc88c80;  1 drivers
L_0x83cc88be0 .part L_0x83cc87200, 6, 1;
L_0x83cc88c80 .part L_0x83cc87200, 4, 1;
L_0x83cc873e0 .concat [ 1 1 0 0], L_0x83cc88c80, L_0x83cc88be0;
L_0x83cc88d20 .part v0x83cc7fc00_0, 1, 1;
L_0x83cc88dc0 .part v0x83cc7fc00_0, 0, 1;
S_0x83cc7a700 .scope module, "unit" "benes_sw2x2" 3 68, 4 6 0, S_0x83cc7a580;
 .timescale -9 -12;
    .port_info 0 /INPUT 1 "clk";
    .port_info 1 /INPUT 1 "n_rst";
    .port_info 2 /INPUT 1 "enable";
    .port_info 3 /INPUT 1 "cfg";
    .port_info 4 /INPUT 2 "in";
    .port_info 5 /OUTPUT 2 "out";
v0x83cc7f8e0_0 .net "cfg", 0 0, L_0x83cc88b40;  1 drivers
v0x83cc7f980_0 .net "clk", 0 0, v0x83cc86580_0;  alias, 1 drivers
v0x83cc7fa20_0 .net "enable", 0 0, v0x83cc86760_0;  alias, 1 drivers
v0x83cc7fac0_0 .net "in", 1 0, L_0x83cc873e0;  1 drivers
v0x83cc7fb60_0 .net "n_rst", 0 0, v0x83cc86800_0;  alias, 1 drivers
v0x83cc7fc00_0 .var "out", 1 0;
S_0x83cc7a880 .scope generate, "STAGES_SWS[3]" "STAGES_SWS[3]" 3 59, 3 59 0, S_0x83cc79e00;
 .timescale -9 -12;
P_0x83cc80a80 .param/l "D" 1 3 63, +C4<00000000000000000000000000000010>;
P_0x83cc80ac0 .param/l "base_wire" 1 3 65, +C4<00000000000000000000000000000101>;
P_0x83cc80b00 .param/l "dist_0" 1 3 60, +C4<00000000000000000000000000000001>;
P_0x83cc80b40 .param/l "dist_1" 1 3 61, +C4<00000000000000000000000000000001>;
P_0x83cc80b80 .param/l "dist_2" 1 3 62, +C4<00000000000000000000000000000010>;
P_0x83cc80bc0 .param/l "partner_wire" 1 3 66, +C4<00000000000000000000000000000111>;
P_0x83cc80c00 .param/l "swx" 1 3 59, +C4<011>;
v0x83cc84320_0 .net *"_ivl_10", 0 0, L_0x83cc89040;  1 drivers
v0x83cc843c0_0 .net *"_ivl_13", 0 0, L_0x83cc890e0;  1 drivers
v0x83cc84460_0 .net *"_ivl_3", 0 0, L_0x83cc88f00;  1 drivers
v0x83cc84500_0 .net *"_ivl_6", 0 0, L_0x83cc88fa0;  1 drivers
L_0x83cc88f00 .part L_0x83cc87200, 7, 1;
L_0x83cc88fa0 .part L_0x83cc87200, 5, 1;
L_0x83cc87480 .concat [ 1 1 0 0], L_0x83cc88fa0, L_0x83cc88f00;
LS_0x83cc87520_0_0 .concat8 [ 1 1 1 1], L_0x83cc88780, L_0x83cc88aa0, L_0x83cc886e0, L_0x83cc88a00;
LS_0x83cc87520_0_4 .concat8 [ 1 1 1 1], L_0x83cc88dc0, L_0x83cc890e0, L_0x83cc88d20, L_0x83cc89040;
L_0x83cc87520 .concat8 [ 4 4 0 0], LS_0x83cc87520_0_0, LS_0x83cc87520_0_4;
L_0x83cc89040 .part v0x83cc84280_0, 1, 1;
L_0x83cc890e0 .part v0x83cc84280_0, 0, 1;
S_0x83cc7aa00 .scope module, "unit" "benes_sw2x2" 3 68, 4 6 0, S_0x83cc7a880;
 .timescale -9 -12;
    .port_info 0 /INPUT 1 "clk";
    .port_info 1 /INPUT 1 "n_rst";
    .port_info 2 /INPUT 1 "enable";
    .port_info 3 /INPUT 1 "cfg";
    .port_info 4 /INPUT 2 "in";
    .port_info 5 /OUTPUT 2 "out";
v0x83cc7ff20_0 .net "cfg", 0 0, L_0x83cc88e60;  1 drivers
v0x83cc84000_0 .net "clk", 0 0, v0x83cc86580_0;  alias, 1 drivers
v0x83cc840a0_0 .net "enable", 0 0, v0x83cc86760_0;  alias, 1 drivers
v0x83cc84140_0 .net "in", 1 0, L_0x83cc87480;  1 drivers
v0x83cc841e0_0 .net "n_rst", 0 0, v0x83cc86800_0;  alias, 1 drivers
v0x83cc84280_0 .var "out", 1 0;
S_0x83cc7ab80 .scope generate, "NET_STAGES[4]" "NET_STAGES[4]" 3 58, 3 58 0, S_0x10122cbd0;
 .timescale -9 -12;
P_0x83d0ae140 .param/l "stagex" 1 3 58, +C4<0100>;
S_0x83cc7ad00 .scope generate, "STAGES_SWS[0]" "STAGES_SWS[0]" 3 59, 3 59 0, S_0x83cc7ab80;
 .timescale -9 -12;
P_0x83cc80c40 .param/l "D" 1 3 63, +C4<00000000000000000000000000000001>;
P_0x83cc80c80 .param/l "base_wire" 1 3 65, +C4<00000000000000000000000000000000>;
P_0x83cc80cc0 .param/l "dist_0" 1 3 60, +C4<00000000000000000000000000000010>;
P_0x83cc80d00 .param/l "dist_1" 1 3 61, +C4<00000000000000000000000000000010>;
P_0x83cc80d40 .param/l "dist_2" 1 3 62, +C4<00000000000000000000000000000010>;
P_0x83cc80d80 .param/l "partner_wire" 1 3 66, +C4<00000000000000000000000000000001>;
P_0x83cc80dc0 .param/l "swx" 1 3 59, +C4<00>;
v0x83cc84960_0 .net *"_ivl_10", 0 0, L_0x83cc89360;  1 drivers
v0x83cc84a00_0 .net *"_ivl_13", 0 0, L_0x83cc89400;  1 drivers
v0x83cc84aa0_0 .net *"_ivl_3", 0 0, L_0x83cc89220;  1 drivers
v0x83cc84b40_0 .net *"_ivl_6", 0 0, L_0x83cc892c0;  1 drivers
L_0x83cc89220 .part L_0x83cc87520, 1, 1;
L_0x83cc892c0 .part L_0x83cc87520, 0, 1;
L_0x83cc87660 .concat [ 1 1 0 0], L_0x83cc892c0, L_0x83cc89220;
L_0x83cc89360 .part v0x83cc848c0_0, 1, 1;
L_0x83cc89400 .part v0x83cc848c0_0, 0, 1;
S_0x83cc7ae80 .scope module, "unit" "benes_sw2x2" 3 68, 4 6 0, S_0x83cc7ad00;
 .timescale -9 -12;
    .port_info 0 /INPUT 1 "clk";
    .port_info 1 /INPUT 1 "n_rst";
    .port_info 2 /INPUT 1 "enable";
    .port_info 3 /INPUT 1 "cfg";
    .port_info 4 /INPUT 2 "in";
    .port_info 5 /OUTPUT 2 "out";
v0x83cc845a0_0 .net "cfg", 0 0, L_0x83cc89180;  1 drivers
v0x83cc84640_0 .net "clk", 0 0, v0x83cc86580_0;  alias, 1 drivers
v0x83cc846e0_0 .net "enable", 0 0, v0x83cc86760_0;  alias, 1 drivers
v0x83cc84780_0 .net "in", 1 0, L_0x83cc87660;  1 drivers
v0x83cc84820_0 .net "n_rst", 0 0, v0x83cc86800_0;  alias, 1 drivers
v0x83cc848c0_0 .var "out", 1 0;
S_0x83cc7b000 .scope generate, "STAGES_SWS[1]" "STAGES_SWS[1]" 3 59, 3 59 0, S_0x83cc7ab80;
 .timescale -9 -12;
P_0x83cc80e00 .param/l "D" 1 3 63, +C4<00000000000000000000000000000001>;
P_0x83cc80e40 .param/l "base_wire" 1 3 65, +C4<00000000000000000000000000000010>;
P_0x83cc80e80 .param/l "dist_0" 1 3 60, +C4<00000000000000000000000000000010>;
P_0x83cc80ec0 .param/l "dist_1" 1 3 61, +C4<00000000000000000000000000000010>;
P_0x83cc80f00 .param/l "dist_2" 1 3 62, +C4<00000000000000000000000000000010>;
P_0x83cc80f40 .param/l "partner_wire" 1 3 66, +C4<00000000000000000000000000000011>;
P_0x83cc80f80 .param/l "swx" 1 3 59, +C4<01>;
v0x83cc84fa0_0 .net *"_ivl_10", 0 0, L_0x83cc89680;  1 drivers
v0x83cc85040_0 .net *"_ivl_13", 0 0, L_0x83cc89720;  1 drivers
v0x83cc850e0_0 .net *"_ivl_3", 0 0, L_0x83cc89540;  1 drivers
v0x83cc85180_0 .net *"_ivl_6", 0 0, L_0x83cc895e0;  1 drivers
L_0x83cc89540 .part L_0x83cc87520, 3, 1;
L_0x83cc895e0 .part L_0x83cc87520, 2, 1;
L_0x83cc87700 .concat [ 1 1 0 0], L_0x83cc895e0, L_0x83cc89540;
L_0x83cc89680 .part v0x83cc84f00_0, 1, 1;
L_0x83cc89720 .part v0x83cc84f00_0, 0, 1;
S_0x83cc7b180 .scope module, "unit" "benes_sw2x2" 3 68, 4 6 0, S_0x83cc7b000;
 .timescale -9 -12;
    .port_info 0 /INPUT 1 "clk";
    .port_info 1 /INPUT 1 "n_rst";
    .port_info 2 /INPUT 1 "enable";
    .port_info 3 /INPUT 1 "cfg";
    .port_info 4 /INPUT 2 "in";
    .port_info 5 /OUTPUT 2 "out";
v0x83cc84be0_0 .net "cfg", 0 0, L_0x83cc894a0;  1 drivers
v0x83cc84c80_0 .net "clk", 0 0, v0x83cc86580_0;  alias, 1 drivers
v0x83cc84d20_0 .net "enable", 0 0, v0x83cc86760_0;  alias, 1 drivers
v0x83cc84dc0_0 .net "in", 1 0, L_0x83cc87700;  1 drivers
v0x83cc84e60_0 .net "n_rst", 0 0, v0x83cc86800_0;  alias, 1 drivers
v0x83cc84f00_0 .var "out", 1 0;
S_0x83cc7b300 .scope generate, "STAGES_SWS[2]" "STAGES_SWS[2]" 3 59, 3 59 0, S_0x83cc7ab80;
 .timescale -9 -12;
P_0x83cc80fc0 .param/l "D" 1 3 63, +C4<00000000000000000000000000000001>;
P_0x83cc81000 .param/l "base_wire" 1 3 65, +C4<00000000000000000000000000000100>;
P_0x83cc81040 .param/l "dist_0" 1 3 60, +C4<00000000000000000000000000000010>;
P_0x83cc81080 .param/l "dist_1" 1 3 61, +C4<00000000000000000000000000000010>;
P_0x83cc810c0 .param/l "dist_2" 1 3 62, +C4<00000000000000000000000000000010>;
P_0x83cc81100 .param/l "partner_wire" 1 3 66, +C4<00000000000000000000000000000101>;
P_0x83cc81140 .param/l "swx" 1 3 59, +C4<010>;
v0x83cc855e0_0 .net *"_ivl_10", 0 0, L_0x83cc899a0;  1 drivers
v0x83cc85680_0 .net *"_ivl_13", 0 0, L_0x83cc89a40;  1 drivers
v0x83cc85720_0 .net *"_ivl_3", 0 0, L_0x83cc89860;  1 drivers
v0x83cc857c0_0 .net *"_ivl_6", 0 0, L_0x83cc89900;  1 drivers
L_0x83cc89860 .part L_0x83cc87520, 5, 1;
L_0x83cc89900 .part L_0x83cc87520, 4, 1;
L_0x83cc877a0 .concat [ 1 1 0 0], L_0x83cc89900, L_0x83cc89860;
L_0x83cc899a0 .part v0x83cc85540_0, 1, 1;
L_0x83cc89a40 .part v0x83cc85540_0, 0, 1;
S_0x83cc7b480 .scope module, "unit" "benes_sw2x2" 3 68, 4 6 0, S_0x83cc7b300;
 .timescale -9 -12;
    .port_info 0 /INPUT 1 "clk";
    .port_info 1 /INPUT 1 "n_rst";
    .port_info 2 /INPUT 1 "enable";
    .port_info 3 /INPUT 1 "cfg";
    .port_info 4 /INPUT 2 "in";
    .port_info 5 /OUTPUT 2 "out";
v0x83cc85220_0 .net "cfg", 0 0, L_0x83cc897c0;  1 drivers
v0x83cc852c0_0 .net "clk", 0 0, v0x83cc86580_0;  alias, 1 drivers
v0x83cc85360_0 .net "enable", 0 0, v0x83cc86760_0;  alias, 1 drivers
v0x83cc85400_0 .net "in", 1 0, L_0x83cc877a0;  1 drivers
v0x83cc854a0_0 .net "n_rst", 0 0, v0x83cc86800_0;  alias, 1 drivers
v0x83cc85540_0 .var "out", 1 0;
S_0x83cc7b600 .scope generate, "STAGES_SWS[3]" "STAGES_SWS[3]" 3 59, 3 59 0, S_0x83cc7ab80;
 .timescale -9 -12;
P_0x83cc81180 .param/l "D" 1 3 63, +C4<00000000000000000000000000000001>;
P_0x83cc811c0 .param/l "base_wire" 1 3 65, +C4<00000000000000000000000000000110>;
P_0x83cc81200 .param/l "dist_0" 1 3 60, +C4<00000000000000000000000000000010>;
P_0x83cc81240 .param/l "dist_1" 1 3 61, +C4<00000000000000000000000000000010>;
P_0x83cc81280 .param/l "dist_2" 1 3 62, +C4<00000000000000000000000000000010>;
P_0x83cc812c0 .param/l "partner_wire" 1 3 66, +C4<00000000000000000000000000000111>;
P_0x83cc81300 .param/l "swx" 1 3 59, +C4<011>;
v0x83cc85c20_0 .net *"_ivl_10", 0 0, L_0x83cc89cc0;  1 drivers
v0x83cc85cc0_0 .net *"_ivl_13", 0 0, L_0x83cc89d60;  1 drivers
v0x83cc85d60_0 .net *"_ivl_3", 0 0, L_0x83cc89b80;  1 drivers
v0x83cc85e00_0 .net *"_ivl_6", 0 0, L_0x83cc89c20;  1 drivers
L_0x83cc89b80 .part L_0x83cc87520, 7, 1;
L_0x83cc89c20 .part L_0x83cc87520, 6, 1;
L_0x83cc87840 .concat [ 1 1 0 0], L_0x83cc89c20, L_0x83cc89b80;
LS_0x83cc878e0_0_0 .concat8 [ 1 1 1 1], L_0x83cc89400, L_0x83cc89360, L_0x83cc89720, L_0x83cc89680;
LS_0x83cc878e0_0_4 .concat8 [ 1 1 1 1], L_0x83cc89a40, L_0x83cc899a0, L_0x83cc89d60, L_0x83cc89cc0;
L_0x83cc878e0 .concat8 [ 4 4 0 0], LS_0x83cc878e0_0_0, LS_0x83cc878e0_0_4;
L_0x83cc89cc0 .part v0x83cc85b80_0, 1, 1;
L_0x83cc89d60 .part v0x83cc85b80_0, 0, 1;
S_0x83cc7b780 .scope module, "unit" "benes_sw2x2" 3 68, 4 6 0, S_0x83cc7b600;
 .timescale -9 -12;
    .port_info 0 /INPUT 1 "clk";
    .port_info 1 /INPUT 1 "n_rst";
    .port_info 2 /INPUT 1 "enable";
    .port_info 3 /INPUT 1 "cfg";
    .port_info 4 /INPUT 2 "in";
    .port_info 5 /OUTPUT 2 "out";
v0x83cc85860_0 .net "cfg", 0 0, L_0x83cc89ae0;  1 drivers
v0x83cc85900_0 .net "clk", 0 0, v0x83cc86580_0;  alias, 1 drivers
v0x83cc859a0_0 .net "enable", 0 0, v0x83cc86760_0;  alias, 1 drivers
v0x83cc85a40_0 .net "in", 1 0, L_0x83cc87840;  1 drivers
v0x83cc85ae0_0 .net "n_rst", 0 0, v0x83cc86800_0;  alias, 1 drivers
v0x83cc85b80_0 .var "out", 1 0;
S_0x83cc7b900 .scope function.vec4.u32, "clog2" "clog2" 3 33, 3 33 0, S_0x10122cbd0;
 .timescale -9 -12;
; Variable clog2 is vec4 return value of scope S_0x83cc7b900
v0x83cc85f40_0 .var/i "v", 31 0;
v0x83cc85fe0_0 .var/i "value", 31 0;
TD_tb_benes_net.dut.clog2 ;
    %load/vec4 v0x83cc85fe0_0;
    %subi 1, 0, 32;
    %store/vec4 v0x83cc85f40_0, 0, 32;
    %pushi/vec4 0, 0, 32;
    %ret/vec4 0, 0, 32;  Assign to clog2 (store_vec4_to_lval)
T_2.2 ;
    %load/vec4 v0x83cc85f40_0;
    %cmpi/s 0, 0, 32;
    %flag_or 5, 4; GT is !LE
    %flag_inv 5;
    %jmp/0xz T_2.3, 5;
    %load/vec4 v0x83cc85f40_0;
    %ix/load 4, 1, 0;
    %flag_set/imm 4, 0;
    %shiftr 4;
    %store/vec4 v0x83cc85f40_0, 0, 32;
    %retload/vec4 0; Load clog2 (draw_signal_vec4)
    %addi 1, 0, 32;
    %ret/vec4 0, 0, 32;  Assign to clog2 (store_vec4_to_lval)
    %jmp T_2.2;
T_2.3 ;
    %end;
    .scope S_0x101235fd0;
T_3 ;
    %wait E_0x83d04e140;
    %load/vec4 v0x83cc6a3a0_0;
    %nor/r;
    %flag_set/vec4 8;
    %jmp/0xz  T_3.0, 8;
    %pushi/vec4 0, 0, 1;
    %ix/load 4, 0, 0;
    %ix/load 5, 0, 0;
    %flag_set/imm 4, 0;
    %assign/vec4/off/d v0x83cc6a440_0, 4, 5;
    %pushi/vec4 0, 0, 1;
    %ix/load 4, 1, 0;
    %ix/load 5, 0, 0;
    %flag_set/imm 4, 0;
    %assign/vec4/off/d v0x83cc6a440_0, 4, 5;
    %jmp T_3.1;
T_3.0 ;
    %load/vec4 v0x83cc6a260_0;
    %flag_set/vec4 8;
    %jmp/0xz  T_3.2, 8;
    %load/vec4 v0x83cc6a120_0;
    %nor/r;
    %flag_set/vec4 8;
    %jmp/0xz  T_3.4, 8;
    %load/vec4 v0x83cc6a300_0;
    %parti/s 1, 0, 2;
    %ix/load 4, 0, 0;
    %ix/load 5, 0, 0;
    %flag_set/imm 4, 0;
    %assign/vec4/off/d v0x83cc6a440_0, 4, 5;
    %load/vec4 v0x83cc6a300_0;
    %parti/s 1, 1, 2;
    %ix/load 4, 1, 0;
    %ix/load 5, 0, 0;
    %flag_set/imm 4, 0;
    %assign/vec4/off/d v0x83cc6a440_0, 4, 5;
    %jmp T_3.5;
T_3.4 ;
    %load/vec4 v0x83cc6a300_0;
    %parti/s 1, 1, 2;
    %ix/load 4, 0, 0;
    %ix/load 5, 0, 0;
    %flag_set/imm 4, 0;
    %assign/vec4/off/d v0x83cc6a440_0, 4, 5;
    %load/vec4 v0x83cc6a300_0;
    %parti/s 1, 0, 2;
    %ix/load 4, 1, 0;
    %ix/load 5, 0, 0;
    %flag_set/imm 4, 0;
    %assign/vec4/off/d v0x83cc6a440_0, 4, 5;
T_3.5 ;
    %jmp T_3.3;
T_3.2 ;
    %pushi/vec4 0, 0, 1;
    %ix/load 4, 0, 0;
    %ix/load 5, 0, 0;
    %flag_set/imm 4, 0;
    %assign/vec4/off/d v0x83cc6a440_0, 4, 5;
    %pushi/vec4 0, 0, 1;
    %ix/load 4, 1, 0;
    %ix/load 5, 0, 0;
    %flag_set/imm 4, 0;
    %assign/vec4/off/d v0x83cc6a440_0, 4, 5;
T_3.3 ;
T_3.1 ;
    %jmp T_3;
    .thread T_3;
    .scope S_0x101236490;
T_4 ;
    %wait E_0x83d04e140;
    %load/vec4 v0x83cc6a9e0_0;
    %nor/r;
    %flag_set/vec4 8;
    %jmp/0xz  T_4.0, 8;
    %pushi/vec4 0, 0, 1;
    %ix/load 4, 0, 0;
    %ix/load 5, 0, 0;
    %flag_set/imm 4, 0;
    %assign/vec4/off/d v0x83cc6aa80_0, 4, 5;
    %pushi/vec4 0, 0, 1;
    %ix/load 4, 1, 0;
    %ix/load 5, 0, 0;
    %flag_set/imm 4, 0;
    %assign/vec4/off/d v0x83cc6aa80_0, 4, 5;
    %jmp T_4.1;
T_4.0 ;
    %load/vec4 v0x83cc6a8a0_0;
    %flag_set/vec4 8;
    %jmp/0xz  T_4.2, 8;
    %load/vec4 v0x83cc6a760_0;
    %nor/r;
    %flag_set/vec4 8;
    %jmp/0xz  T_4.4, 8;
    %load/vec4 v0x83cc6a940_0;
    %parti/s 1, 0, 2;
    %ix/load 4, 0, 0;
    %ix/load 5, 0, 0;
    %flag_set/imm 4, 0;
    %assign/vec4/off/d v0x83cc6aa80_0, 4, 5;
    %load/vec4 v0x83cc6a940_0;
    %parti/s 1, 1, 2;
    %ix/load 4, 1, 0;
    %ix/load 5, 0, 0;
    %flag_set/imm 4, 0;
    %assign/vec4/off/d v0x83cc6aa80_0, 4, 5;
    %jmp T_4.5;
T_4.4 ;
    %load/vec4 v0x83cc6a940_0;
    %parti/s 1, 1, 2;
    %ix/load 4, 0, 0;
    %ix/load 5, 0, 0;
    %flag_set/imm 4, 0;
    %assign/vec4/off/d v0x83cc6aa80_0, 4, 5;
    %load/vec4 v0x83cc6a940_0;
    %parti/s 1, 0, 2;
    %ix/load 4, 1, 0;
    %ix/load 5, 0, 0;
    %flag_set/imm 4, 0;
    %assign/vec4/off/d v0x83cc6aa80_0, 4, 5;
T_4.5 ;
    %jmp T_4.3;
T_4.2 ;
    %pushi/vec4 0, 0, 1;
    %ix/load 4, 0, 0;
    %ix/load 5, 0, 0;
    %flag_set/imm 4, 0;
    %assign/vec4/off/d v0x83cc6aa80_0, 4, 5;
    %pushi/vec4 0, 0, 1;
    %ix/load 4, 1, 0;
    %ix/load 5, 0, 0;
    %flag_set/imm 4, 0;
    %assign/vec4/off/d v0x83cc6aa80_0, 4, 5;
T_4.3 ;
T_4.1 ;
    %jmp T_4;
    .thread T_4;
    .scope S_0x101236950;
T_5 ;
    %wait E_0x83d04e140;
    %load/vec4 v0x83cc6b020_0;
    %nor/r;
    %flag_set/vec4 8;
    %jmp/0xz  T_5.0, 8;
    %pushi/vec4 0, 0, 1;
    %ix/load 4, 0, 0;
    %ix/load 5, 0, 0;
    %flag_set/imm 4, 0;
    %assign/vec4/off/d v0x83cc6b0c0_0, 4, 5;
    %pushi/vec4 0, 0, 1;
    %ix/load 4, 1, 0;
    %ix/load 5, 0, 0;
    %flag_set/imm 4, 0;
    %assign/vec4/off/d v0x83cc6b0c0_0, 4, 5;
    %jmp T_5.1;
T_5.0 ;
    %load/vec4 v0x83cc6aee0_0;
    %flag_set/vec4 8;
    %jmp/0xz  T_5.2, 8;
    %load/vec4 v0x83cc6ada0_0;
    %nor/r;
    %flag_set/vec4 8;
    %jmp/0xz  T_5.4, 8;
    %load/vec4 v0x83cc6af80_0;
    %parti/s 1, 0, 2;
    %ix/load 4, 0, 0;
    %ix/load 5, 0, 0;
    %flag_set/imm 4, 0;
    %assign/vec4/off/d v0x83cc6b0c0_0, 4, 5;
    %load/vec4 v0x83cc6af80_0;
    %parti/s 1, 1, 2;
    %ix/load 4, 1, 0;
    %ix/load 5, 0, 0;
    %flag_set/imm 4, 0;
    %assign/vec4/off/d v0x83cc6b0c0_0, 4, 5;
    %jmp T_5.5;
T_5.4 ;
    %load/vec4 v0x83cc6af80_0;
    %parti/s 1, 1, 2;
    %ix/load 4, 0, 0;
    %ix/load 5, 0, 0;
    %flag_set/imm 4, 0;
    %assign/vec4/off/d v0x83cc6b0c0_0, 4, 5;
    %load/vec4 v0x83cc6af80_0;
    %parti/s 1, 0, 2;
    %ix/load 4, 1, 0;
    %ix/load 5, 0, 0;
    %flag_set/imm 4, 0;
    %assign/vec4/off/d v0x83cc6b0c0_0, 4, 5;
T_5.5 ;
    %jmp T_5.3;
T_5.2 ;
    %pushi/vec4 0, 0, 1;
    %ix/load 4, 0, 0;
    %ix/load 5, 0, 0;
    %flag_set/imm 4, 0;
    %assign/vec4/off/d v0x83cc6b0c0_0, 4, 5;
    %pushi/vec4 0, 0, 1;
    %ix/load 4, 1, 0;
    %ix/load 5, 0, 0;
    %flag_set/imm 4, 0;
    %assign/vec4/off/d v0x83cc6b0c0_0, 4, 5;
T_5.3 ;
T_5.1 ;
    %jmp T_5;
    .thread T_5;
    .scope S_0x83cc78180;
T_6 ;
    %wait E_0x83d04e140;
    %load/vec4 v0x83cc6b660_0;
    %nor/r;
    %flag_set/vec4 8;
    %jmp/0xz  T_6.0, 8;
    %pushi/vec4 0, 0, 1;
    %ix/load 4, 0, 0;
    %ix/load 5, 0, 0;
    %flag_set/imm 4, 0;
    %assign/vec4/off/d v0x83cc6b700_0, 4, 5;
    %pushi/vec4 0, 0, 1;
    %ix/load 4, 1, 0;
    %ix/load 5, 0, 0;
    %flag_set/imm 4, 0;
    %assign/vec4/off/d v0x83cc6b700_0, 4, 5;
    %jmp T_6.1;
T_6.0 ;
    %load/vec4 v0x83cc6b520_0;
    %flag_set/vec4 8;
    %jmp/0xz  T_6.2, 8;
    %load/vec4 v0x83cc6b3e0_0;
    %nor/r;
    %flag_set/vec4 8;
    %jmp/0xz  T_6.4, 8;
    %load/vec4 v0x83cc6b5c0_0;
    %parti/s 1, 0, 2;
    %ix/load 4, 0, 0;
    %ix/load 5, 0, 0;
    %flag_set/imm 4, 0;
    %assign/vec4/off/d v0x83cc6b700_0, 4, 5;
    %load/vec4 v0x83cc6b5c0_0;
    %parti/s 1, 1, 2;
    %ix/load 4, 1, 0;
    %ix/load 5, 0, 0;
    %flag_set/imm 4, 0;
    %assign/vec4/off/d v0x83cc6b700_0, 4, 5;
    %jmp T_6.5;
T_6.4 ;
    %load/vec4 v0x83cc6b5c0_0;
    %parti/s 1, 1, 2;
    %ix/load 4, 0, 0;
    %ix/load 5, 0, 0;
    %flag_set/imm 4, 0;
    %assign/vec4/off/d v0x83cc6b700_0, 4, 5;
    %load/vec4 v0x83cc6b5c0_0;
    %parti/s 1, 0, 2;
    %ix/load 4, 1, 0;
    %ix/load 5, 0, 0;
    %flag_set/imm 4, 0;
    %assign/vec4/off/d v0x83cc6b700_0, 4, 5;
T_6.5 ;
    %jmp T_6.3;
T_6.2 ;
    %pushi/vec4 0, 0, 1;
    %ix/load 4, 0, 0;
    %ix/load 5, 0, 0;
    %flag_set/imm 4, 0;
    %assign/vec4/off/d v0x83cc6b700_0, 4, 5;
    %pushi/vec4 0, 0, 1;
    %ix/load 4, 1, 0;
    %ix/load 5, 0, 0;
    %flag_set/imm 4, 0;
    %assign/vec4/off/d v0x83cc6b700_0, 4, 5;
T_6.3 ;
T_6.1 ;
    %jmp T_6;
    .thread T_6;
    .scope S_0x83cc78600;
T_7 ;
    %wait E_0x83d04e140;
    %load/vec4 v0x83cc6bca0_0;
    %nor/r;
    %flag_set/vec4 8;
    %jmp/0xz  T_7.0, 8;
    %pushi/vec4 0, 0, 1;
    %ix/load 4, 0, 0;
    %ix/load 5, 0, 0;
    %flag_set/imm 4, 0;
    %assign/vec4/off/d v0x83cc6bd40_0, 4, 5;
    %pushi/vec4 0, 0, 1;
    %ix/load 4, 1, 0;
    %ix/load 5, 0, 0;
    %flag_set/imm 4, 0;
    %assign/vec4/off/d v0x83cc6bd40_0, 4, 5;
    %jmp T_7.1;
T_7.0 ;
    %load/vec4 v0x83cc6bb60_0;
    %flag_set/vec4 8;
    %jmp/0xz  T_7.2, 8;
    %load/vec4 v0x83cc6ba20_0;
    %nor/r;
    %flag_set/vec4 8;
    %jmp/0xz  T_7.4, 8;
    %load/vec4 v0x83cc6bc00_0;
    %parti/s 1, 0, 2;
    %ix/load 4, 0, 0;
    %ix/load 5, 0, 0;
    %flag_set/imm 4, 0;
    %assign/vec4/off/d v0x83cc6bd40_0, 4, 5;
    %load/vec4 v0x83cc6bc00_0;
    %parti/s 1, 1, 2;
    %ix/load 4, 1, 0;
    %ix/load 5, 0, 0;
    %flag_set/imm 4, 0;
    %assign/vec4/off/d v0x83cc6bd40_0, 4, 5;
    %jmp T_7.5;
T_7.4 ;
    %load/vec4 v0x83cc6bc00_0;
    %parti/s 1, 1, 2;
    %ix/load 4, 0, 0;
    %ix/load 5, 0, 0;
    %flag_set/imm 4, 0;
    %assign/vec4/off/d v0x83cc6bd40_0, 4, 5;
    %load/vec4 v0x83cc6bc00_0;
    %parti/s 1, 0, 2;
    %ix/load 4, 1, 0;
    %ix/load 5, 0, 0;
    %flag_set/imm 4, 0;
    %assign/vec4/off/d v0x83cc6bd40_0, 4, 5;
T_7.5 ;
    %jmp T_7.3;
T_7.2 ;
    %pushi/vec4 0, 0, 1;
    %ix/load 4, 0, 0;
    %ix/load 5, 0, 0;
    %flag_set/imm 4, 0;
    %assign/vec4/off/d v0x83cc6bd40_0, 4, 5;
    %pushi/vec4 0, 0, 1;
    %ix/load 4, 1, 0;
    %ix/load 5, 0, 0;
    %flag_set/imm 4, 0;
    %assign/vec4/off/d v0x83cc6bd40_0, 4, 5;
T_7.3 ;
T_7.1 ;
    %jmp T_7;
    .thread T_7;
    .scope S_0x83cc78900;
T_8 ;
    %wait E_0x83d04e140;
    %load/vec4 v0x83cc7c320_0;
    %nor/r;
    %flag_set/vec4 8;
    %jmp/0xz  T_8.0, 8;
    %pushi/vec4 0, 0, 1;
    %ix/load 4, 0, 0;
    %ix/load 5, 0, 0;
    %flag_set/imm 4, 0;
    %assign/vec4/off/d v0x83cc7c3c0_0, 4, 5;
    %pushi/vec4 0, 0, 1;
    %ix/load 4, 1, 0;
    %ix/load 5, 0, 0;
    %flag_set/imm 4, 0;
    %assign/vec4/off/d v0x83cc7c3c0_0, 4, 5;
    %jmp T_8.1;
T_8.0 ;
    %load/vec4 v0x83cc7c1e0_0;
    %flag_set/vec4 8;
    %jmp/0xz  T_8.2, 8;
    %load/vec4 v0x83cc7c0a0_0;
    %nor/r;
    %flag_set/vec4 8;
    %jmp/0xz  T_8.4, 8;
    %load/vec4 v0x83cc7c280_0;
    %parti/s 1, 0, 2;
    %ix/load 4, 0, 0;
    %ix/load 5, 0, 0;
    %flag_set/imm 4, 0;
    %assign/vec4/off/d v0x83cc7c3c0_0, 4, 5;
    %load/vec4 v0x83cc7c280_0;
    %parti/s 1, 1, 2;
    %ix/load 4, 1, 0;
    %ix/load 5, 0, 0;
    %flag_set/imm 4, 0;
    %assign/vec4/off/d v0x83cc7c3c0_0, 4, 5;
    %jmp T_8.5;
T_8.4 ;
    %load/vec4 v0x83cc7c280_0;
    %parti/s 1, 1, 2;
    %ix/load 4, 0, 0;
    %ix/load 5, 0, 0;
    %flag_set/imm 4, 0;
    %assign/vec4/off/d v0x83cc7c3c0_0, 4, 5;
    %load/vec4 v0x83cc7c280_0;
    %parti/s 1, 0, 2;
    %ix/load 4, 1, 0;
    %ix/load 5, 0, 0;
    %flag_set/imm 4, 0;
    %assign/vec4/off/d v0x83cc7c3c0_0, 4, 5;
T_8.5 ;
    %jmp T_8.3;
T_8.2 ;
    %pushi/vec4 0, 0, 1;
    %ix/load 4, 0, 0;
    %ix/load 5, 0, 0;
    %flag_set/imm 4, 0;
    %assign/vec4/off/d v0x83cc7c3c0_0, 4, 5;
    %pushi/vec4 0, 0, 1;
    %ix/load 4, 1, 0;
    %ix/load 5, 0, 0;
    %flag_set/imm 4, 0;
    %assign/vec4/off/d v0x83cc7c3c0_0, 4, 5;
T_8.3 ;
T_8.1 ;
    %jmp T_8;
    .thread T_8;
    .scope S_0x83cc78c00;
T_9 ;
    %wait E_0x83d04e140;
    %load/vec4 v0x83cc7c960_0;
    %nor/r;
    %flag_set/vec4 8;
    %jmp/0xz  T_9.0, 8;
    %pushi/vec4 0, 0, 1;
    %ix/load 4, 0, 0;
    %ix/load 5, 0, 0;
    %flag_set/imm 4, 0;
    %assign/vec4/off/d v0x83cc7ca00_0, 4, 5;
    %pushi/vec4 0, 0, 1;
    %ix/load 4, 1, 0;
    %ix/load 5, 0, 0;
    %flag_set/imm 4, 0;
    %assign/vec4/off/d v0x83cc7ca00_0, 4, 5;
    %jmp T_9.1;
T_9.0 ;
    %load/vec4 v0x83cc7c820_0;
    %flag_set/vec4 8;
    %jmp/0xz  T_9.2, 8;
    %load/vec4 v0x83cc7c6e0_0;
    %nor/r;
    %flag_set/vec4 8;
    %jmp/0xz  T_9.4, 8;
    %load/vec4 v0x83cc7c8c0_0;
    %parti/s 1, 0, 2;
    %ix/load 4, 0, 0;
    %ix/load 5, 0, 0;
    %flag_set/imm 4, 0;
    %assign/vec4/off/d v0x83cc7ca00_0, 4, 5;
    %load/vec4 v0x83cc7c8c0_0;
    %parti/s 1, 1, 2;
    %ix/load 4, 1, 0;
    %ix/load 5, 0, 0;
    %flag_set/imm 4, 0;
    %assign/vec4/off/d v0x83cc7ca00_0, 4, 5;
    %jmp T_9.5;
T_9.4 ;
    %load/vec4 v0x83cc7c8c0_0;
    %parti/s 1, 1, 2;
    %ix/load 4, 0, 0;
    %ix/load 5, 0, 0;
    %flag_set/imm 4, 0;
    %assign/vec4/off/d v0x83cc7ca00_0, 4, 5;
    %load/vec4 v0x83cc7c8c0_0;
    %parti/s 1, 0, 2;
    %ix/load 4, 1, 0;
    %ix/load 5, 0, 0;
    %flag_set/imm 4, 0;
    %assign/vec4/off/d v0x83cc7ca00_0, 4, 5;
T_9.5 ;
    %jmp T_9.3;
T_9.2 ;
    %pushi/vec4 0, 0, 1;
    %ix/load 4, 0, 0;
    %ix/load 5, 0, 0;
    %flag_set/imm 4, 0;
    %assign/vec4/off/d v0x83cc7ca00_0, 4, 5;
    %pushi/vec4 0, 0, 1;
    %ix/load 4, 1, 0;
    %ix/load 5, 0, 0;
    %flag_set/imm 4, 0;
    %assign/vec4/off/d v0x83cc7ca00_0, 4, 5;
T_9.3 ;
T_9.1 ;
    %jmp T_9;
    .thread T_9;
    .scope S_0x83cc78f00;
T_10 ;
    %wait E_0x83d04e140;
    %load/vec4 v0x83cc7cfa0_0;
    %nor/r;
    %flag_set/vec4 8;
    %jmp/0xz  T_10.0, 8;
    %pushi/vec4 0, 0, 1;
    %ix/load 4, 0, 0;
    %ix/load 5, 0, 0;
    %flag_set/imm 4, 0;
    %assign/vec4/off/d v0x83cc7d040_0, 4, 5;
    %pushi/vec4 0, 0, 1;
    %ix/load 4, 1, 0;
    %ix/load 5, 0, 0;
    %flag_set/imm 4, 0;
    %assign/vec4/off/d v0x83cc7d040_0, 4, 5;
    %jmp T_10.1;
T_10.0 ;
    %load/vec4 v0x83cc7ce60_0;
    %flag_set/vec4 8;
    %jmp/0xz  T_10.2, 8;
    %load/vec4 v0x83cc7cd20_0;
    %nor/r;
    %flag_set/vec4 8;
    %jmp/0xz  T_10.4, 8;
    %load/vec4 v0x83cc7cf00_0;
    %parti/s 1, 0, 2;
    %ix/load 4, 0, 0;
    %ix/load 5, 0, 0;
    %flag_set/imm 4, 0;
    %assign/vec4/off/d v0x83cc7d040_0, 4, 5;
    %load/vec4 v0x83cc7cf00_0;
    %parti/s 1, 1, 2;
    %ix/load 4, 1, 0;
    %ix/load 5, 0, 0;
    %flag_set/imm 4, 0;
    %assign/vec4/off/d v0x83cc7d040_0, 4, 5;
    %jmp T_10.5;
T_10.4 ;
    %load/vec4 v0x83cc7cf00_0;
    %parti/s 1, 1, 2;
    %ix/load 4, 0, 0;
    %ix/load 5, 0, 0;
    %flag_set/imm 4, 0;
    %assign/vec4/off/d v0x83cc7d040_0, 4, 5;
    %load/vec4 v0x83cc7cf00_0;
    %parti/s 1, 0, 2;
    %ix/load 4, 1, 0;
    %ix/load 5, 0, 0;
    %flag_set/imm 4, 0;
    %assign/vec4/off/d v0x83cc7d040_0, 4, 5;
T_10.5 ;
    %jmp T_10.3;
T_10.2 ;
    %pushi/vec4 0, 0, 1;
    %ix/load 4, 0, 0;
    %ix/load 5, 0, 0;
    %flag_set/imm 4, 0;
    %assign/vec4/off/d v0x83cc7d040_0, 4, 5;
    %pushi/vec4 0, 0, 1;
    %ix/load 4, 1, 0;
    %ix/load 5, 0, 0;
    %flag_set/imm 4, 0;
    %assign/vec4/off/d v0x83cc7d040_0, 4, 5;
T_10.3 ;
T_10.1 ;
    %jmp T_10;
    .thread T_10;
    .scope S_0x83cc79380;
T_11 ;
    %wait E_0x83d04e140;
    %load/vec4 v0x83cc7d5e0_0;
    %nor/r;
    %flag_set/vec4 8;
    %jmp/0xz  T_11.0, 8;
    %pushi/vec4 0, 0, 1;
    %ix/load 4, 0, 0;
    %ix/load 5, 0, 0;
    %flag_set/imm 4, 0;
    %assign/vec4/off/d v0x83cc7d680_0, 4, 5;
    %pushi/vec4 0, 0, 1;
    %ix/load 4, 1, 0;
    %ix/load 5, 0, 0;
    %flag_set/imm 4, 0;
    %assign/vec4/off/d v0x83cc7d680_0, 4, 5;
    %jmp T_11.1;
T_11.0 ;
    %load/vec4 v0x83cc7d4a0_0;
    %flag_set/vec4 8;
    %jmp/0xz  T_11.2, 8;
    %load/vec4 v0x83cc7d360_0;
    %nor/r;
    %flag_set/vec4 8;
    %jmp/0xz  T_11.4, 8;
    %load/vec4 v0x83cc7d540_0;
    %parti/s 1, 0, 2;
    %ix/load 4, 0, 0;
    %ix/load 5, 0, 0;
    %flag_set/imm 4, 0;
    %assign/vec4/off/d v0x83cc7d680_0, 4, 5;
    %load/vec4 v0x83cc7d540_0;
    %parti/s 1, 1, 2;
    %ix/load 4, 1, 0;
    %ix/load 5, 0, 0;
    %flag_set/imm 4, 0;
    %assign/vec4/off/d v0x83cc7d680_0, 4, 5;
    %jmp T_11.5;
T_11.4 ;
    %load/vec4 v0x83cc7d540_0;
    %parti/s 1, 1, 2;
    %ix/load 4, 0, 0;
    %ix/load 5, 0, 0;
    %flag_set/imm 4, 0;
    %assign/vec4/off/d v0x83cc7d680_0, 4, 5;
    %load/vec4 v0x83cc7d540_0;
    %parti/s 1, 0, 2;
    %ix/load 4, 1, 0;
    %ix/load 5, 0, 0;
    %flag_set/imm 4, 0;
    %assign/vec4/off/d v0x83cc7d680_0, 4, 5;
T_11.5 ;
    %jmp T_11.3;
T_11.2 ;
    %pushi/vec4 0, 0, 1;
    %ix/load 4, 0, 0;
    %ix/load 5, 0, 0;
    %flag_set/imm 4, 0;
    %assign/vec4/off/d v0x83cc7d680_0, 4, 5;
    %pushi/vec4 0, 0, 1;
    %ix/load 4, 1, 0;
    %ix/load 5, 0, 0;
    %flag_set/imm 4, 0;
    %assign/vec4/off/d v0x83cc7d680_0, 4, 5;
T_11.3 ;
T_11.1 ;
    %jmp T_11;
    .thread T_11;
    .scope S_0x83cc79680;
T_12 ;
    %wait E_0x83d04e140;
    %load/vec4 v0x83cc7dc20_0;
    %nor/r;
    %flag_set/vec4 8;
    %jmp/0xz  T_12.0, 8;
    %pushi/vec4 0, 0, 1;
    %ix/load 4, 0, 0;
    %ix/load 5, 0, 0;
    %flag_set/imm 4, 0;
    %assign/vec4/off/d v0x83cc7dcc0_0, 4, 5;
    %pushi/vec4 0, 0, 1;
    %ix/load 4, 1, 0;
    %ix/load 5, 0, 0;
    %flag_set/imm 4, 0;
    %assign/vec4/off/d v0x83cc7dcc0_0, 4, 5;
    %jmp T_12.1;
T_12.0 ;
    %load/vec4 v0x83cc7dae0_0;
    %flag_set/vec4 8;
    %jmp/0xz  T_12.2, 8;
    %load/vec4 v0x83cc7d9a0_0;
    %nor/r;
    %flag_set/vec4 8;
    %jmp/0xz  T_12.4, 8;
    %load/vec4 v0x83cc7db80_0;
    %parti/s 1, 0, 2;
    %ix/load 4, 0, 0;
    %ix/load 5, 0, 0;
    %flag_set/imm 4, 0;
    %assign/vec4/off/d v0x83cc7dcc0_0, 4, 5;
    %load/vec4 v0x83cc7db80_0;
    %parti/s 1, 1, 2;
    %ix/load 4, 1, 0;
    %ix/load 5, 0, 0;
    %flag_set/imm 4, 0;
    %assign/vec4/off/d v0x83cc7dcc0_0, 4, 5;
    %jmp T_12.5;
T_12.4 ;
    %load/vec4 v0x83cc7db80_0;
    %parti/s 1, 1, 2;
    %ix/load 4, 0, 0;
    %ix/load 5, 0, 0;
    %flag_set/imm 4, 0;
    %assign/vec4/off/d v0x83cc7dcc0_0, 4, 5;
    %load/vec4 v0x83cc7db80_0;
    %parti/s 1, 0, 2;
    %ix/load 4, 1, 0;
    %ix/load 5, 0, 0;
    %flag_set/imm 4, 0;
    %assign/vec4/off/d v0x83cc7dcc0_0, 4, 5;
T_12.5 ;
    %jmp T_12.3;
T_12.2 ;
    %pushi/vec4 0, 0, 1;
    %ix/load 4, 0, 0;
    %ix/load 5, 0, 0;
    %flag_set/imm 4, 0;
    %assign/vec4/off/d v0x83cc7dcc0_0, 4, 5;
    %pushi/vec4 0, 0, 1;
    %ix/load 4, 1, 0;
    %ix/load 5, 0, 0;
    %flag_set/imm 4, 0;
    %assign/vec4/off/d v0x83cc7dcc0_0, 4, 5;
T_12.3 ;
T_12.1 ;
    %jmp T_12;
    .thread T_12;
    .scope S_0x83cc79980;
T_13 ;
    %wait E_0x83d04e140;
    %load/vec4 v0x83cc7e260_0;
    %nor/r;
    %flag_set/vec4 8;
    %jmp/0xz  T_13.0, 8;
    %pushi/vec4 0, 0, 1;
    %ix/load 4, 0, 0;
    %ix/load 5, 0, 0;
    %flag_set/imm 4, 0;
    %assign/vec4/off/d v0x83cc7e300_0, 4, 5;
    %pushi/vec4 0, 0, 1;
    %ix/load 4, 1, 0;
    %ix/load 5, 0, 0;
    %flag_set/imm 4, 0;
    %assign/vec4/off/d v0x83cc7e300_0, 4, 5;
    %jmp T_13.1;
T_13.0 ;
    %load/vec4 v0x83cc7e120_0;
    %flag_set/vec4 8;
    %jmp/0xz  T_13.2, 8;
    %load/vec4 v0x83cc7dfe0_0;
    %nor/r;
    %flag_set/vec4 8;
    %jmp/0xz  T_13.4, 8;
    %load/vec4 v0x83cc7e1c0_0;
    %parti/s 1, 0, 2;
    %ix/load 4, 0, 0;
    %ix/load 5, 0, 0;
    %flag_set/imm 4, 0;
    %assign/vec4/off/d v0x83cc7e300_0, 4, 5;
    %load/vec4 v0x83cc7e1c0_0;
    %parti/s 1, 1, 2;
    %ix/load 4, 1, 0;
    %ix/load 5, 0, 0;
    %flag_set/imm 4, 0;
    %assign/vec4/off/d v0x83cc7e300_0, 4, 5;
    %jmp T_13.5;
T_13.4 ;
    %load/vec4 v0x83cc7e1c0_0;
    %parti/s 1, 1, 2;
    %ix/load 4, 0, 0;
    %ix/load 5, 0, 0;
    %flag_set/imm 4, 0;
    %assign/vec4/off/d v0x83cc7e300_0, 4, 5;
    %load/vec4 v0x83cc7e1c0_0;
    %parti/s 1, 0, 2;
    %ix/load 4, 1, 0;
    %ix/load 5, 0, 0;
    %flag_set/imm 4, 0;
    %assign/vec4/off/d v0x83cc7e300_0, 4, 5;
T_13.5 ;
    %jmp T_13.3;
T_13.2 ;
    %pushi/vec4 0, 0, 1;
    %ix/load 4, 0, 0;
    %ix/load 5, 0, 0;
    %flag_set/imm 4, 0;
    %assign/vec4/off/d v0x83cc7e300_0, 4, 5;
    %pushi/vec4 0, 0, 1;
    %ix/load 4, 1, 0;
    %ix/load 5, 0, 0;
    %flag_set/imm 4, 0;
    %assign/vec4/off/d v0x83cc7e300_0, 4, 5;
T_13.3 ;
T_13.1 ;
    %jmp T_13;
    .thread T_13;
    .scope S_0x83cc79c80;
T_14 ;
    %wait E_0x83d04e140;
    %load/vec4 v0x83cc7e8a0_0;
    %nor/r;
    %flag_set/vec4 8;
    %jmp/0xz  T_14.0, 8;
    %pushi/vec4 0, 0, 1;
    %ix/load 4, 0, 0;
    %ix/load 5, 0, 0;
    %flag_set/imm 4, 0;
    %assign/vec4/off/d v0x83cc7e940_0, 4, 5;
    %pushi/vec4 0, 0, 1;
    %ix/load 4, 1, 0;
    %ix/load 5, 0, 0;
    %flag_set/imm 4, 0;
    %assign/vec4/off/d v0x83cc7e940_0, 4, 5;
    %jmp T_14.1;
T_14.0 ;
    %load/vec4 v0x83cc7e760_0;
    %flag_set/vec4 8;
    %jmp/0xz  T_14.2, 8;
    %load/vec4 v0x83cc7e620_0;
    %nor/r;
    %flag_set/vec4 8;
    %jmp/0xz  T_14.4, 8;
    %load/vec4 v0x83cc7e800_0;
    %parti/s 1, 0, 2;
    %ix/load 4, 0, 0;
    %ix/load 5, 0, 0;
    %flag_set/imm 4, 0;
    %assign/vec4/off/d v0x83cc7e940_0, 4, 5;
    %load/vec4 v0x83cc7e800_0;
    %parti/s 1, 1, 2;
    %ix/load 4, 1, 0;
    %ix/load 5, 0, 0;
    %flag_set/imm 4, 0;
    %assign/vec4/off/d v0x83cc7e940_0, 4, 5;
    %jmp T_14.5;
T_14.4 ;
    %load/vec4 v0x83cc7e800_0;
    %parti/s 1, 1, 2;
    %ix/load 4, 0, 0;
    %ix/load 5, 0, 0;
    %flag_set/imm 4, 0;
    %assign/vec4/off/d v0x83cc7e940_0, 4, 5;
    %load/vec4 v0x83cc7e800_0;
    %parti/s 1, 0, 2;
    %ix/load 4, 1, 0;
    %ix/load 5, 0, 0;
    %flag_set/imm 4, 0;
    %assign/vec4/off/d v0x83cc7e940_0, 4, 5;
T_14.5 ;
    %jmp T_14.3;
T_14.2 ;
    %pushi/vec4 0, 0, 1;
    %ix/load 4, 0, 0;
    %ix/load 5, 0, 0;
    %flag_set/imm 4, 0;
    %assign/vec4/off/d v0x83cc7e940_0, 4, 5;
    %pushi/vec4 0, 0, 1;
    %ix/load 4, 1, 0;
    %ix/load 5, 0, 0;
    %flag_set/imm 4, 0;
    %assign/vec4/off/d v0x83cc7e940_0, 4, 5;
T_14.3 ;
T_14.1 ;
    %jmp T_14;
    .thread T_14;
    .scope S_0x83cc7a100;
T_15 ;
    %wait E_0x83d04e140;
    %load/vec4 v0x83cc7eee0_0;
    %nor/r;
    %flag_set/vec4 8;
    %jmp/0xz  T_15.0, 8;
    %pushi/vec4 0, 0, 1;
    %ix/load 4, 0, 0;
    %ix/load 5, 0, 0;
    %flag_set/imm 4, 0;
    %assign/vec4/off/d v0x83cc7ef80_0, 4, 5;
    %pushi/vec4 0, 0, 1;
    %ix/load 4, 1, 0;
    %ix/load 5, 0, 0;
    %flag_set/imm 4, 0;
    %assign/vec4/off/d v0x83cc7ef80_0, 4, 5;
    %jmp T_15.1;
T_15.0 ;
    %load/vec4 v0x83cc7eda0_0;
    %flag_set/vec4 8;
    %jmp/0xz  T_15.2, 8;
    %load/vec4 v0x83cc7ec60_0;
    %nor/r;
    %flag_set/vec4 8;
    %jmp/0xz  T_15.4, 8;
    %load/vec4 v0x83cc7ee40_0;
    %parti/s 1, 0, 2;
    %ix/load 4, 0, 0;
    %ix/load 5, 0, 0;
    %flag_set/imm 4, 0;
    %assign/vec4/off/d v0x83cc7ef80_0, 4, 5;
    %load/vec4 v0x83cc7ee40_0;
    %parti/s 1, 1, 2;
    %ix/load 4, 1, 0;
    %ix/load 5, 0, 0;
    %flag_set/imm 4, 0;
    %assign/vec4/off/d v0x83cc7ef80_0, 4, 5;
    %jmp T_15.5;
T_15.4 ;
    %load/vec4 v0x83cc7ee40_0;
    %parti/s 1, 1, 2;
    %ix/load 4, 0, 0;
    %ix/load 5, 0, 0;
    %flag_set/imm 4, 0;
    %assign/vec4/off/d v0x83cc7ef80_0, 4, 5;
    %load/vec4 v0x83cc7ee40_0;
    %parti/s 1, 0, 2;
    %ix/load 4, 1, 0;
    %ix/load 5, 0, 0;
    %flag_set/imm 4, 0;
    %assign/vec4/off/d v0x83cc7ef80_0, 4, 5;
T_15.5 ;
    %jmp T_15.3;
T_15.2 ;
    %pushi/vec4 0, 0, 1;
    %ix/load 4, 0, 0;
    %ix/load 5, 0, 0;
    %flag_set/imm 4, 0;
    %assign/vec4/off/d v0x83cc7ef80_0, 4, 5;
    %pushi/vec4 0, 0, 1;
    %ix/load 4, 1, 0;
    %ix/load 5, 0, 0;
    %flag_set/imm 4, 0;
    %assign/vec4/off/d v0x83cc7ef80_0, 4, 5;
T_15.3 ;
T_15.1 ;
    %jmp T_15;
    .thread T_15;
    .scope S_0x83cc7a400;
T_16 ;
    %wait E_0x83d04e140;
    %load/vec4 v0x83cc7f520_0;
    %nor/r;
    %flag_set/vec4 8;
    %jmp/0xz  T_16.0, 8;
    %pushi/vec4 0, 0, 1;
    %ix/load 4, 0, 0;
    %ix/load 5, 0, 0;
    %flag_set/imm 4, 0;
    %assign/vec4/off/d v0x83cc7f5c0_0, 4, 5;
    %pushi/vec4 0, 0, 1;
    %ix/load 4, 1, 0;
    %ix/load 5, 0, 0;
    %flag_set/imm 4, 0;
    %assign/vec4/off/d v0x83cc7f5c0_0, 4, 5;
    %jmp T_16.1;
T_16.0 ;
    %load/vec4 v0x83cc7f3e0_0;
    %flag_set/vec4 8;
    %jmp/0xz  T_16.2, 8;
    %load/vec4 v0x83cc7f2a0_0;
    %nor/r;
    %flag_set/vec4 8;
    %jmp/0xz  T_16.4, 8;
    %load/vec4 v0x83cc7f480_0;
    %parti/s 1, 0, 2;
    %ix/load 4, 0, 0;
    %ix/load 5, 0, 0;
    %flag_set/imm 4, 0;
    %assign/vec4/off/d v0x83cc7f5c0_0, 4, 5;
    %load/vec4 v0x83cc7f480_0;
    %parti/s 1, 1, 2;
    %ix/load 4, 1, 0;
    %ix/load 5, 0, 0;
    %flag_set/imm 4, 0;
    %assign/vec4/off/d v0x83cc7f5c0_0, 4, 5;
    %jmp T_16.5;
T_16.4 ;
    %load/vec4 v0x83cc7f480_0;
    %parti/s 1, 1, 2;
    %ix/load 4, 0, 0;
    %ix/load 5, 0, 0;
    %flag_set/imm 4, 0;
    %assign/vec4/off/d v0x83cc7f5c0_0, 4, 5;
    %load/vec4 v0x83cc7f480_0;
    %parti/s 1, 0, 2;
    %ix/load 4, 1, 0;
    %ix/load 5, 0, 0;
    %flag_set/imm 4, 0;
    %assign/vec4/off/d v0x83cc7f5c0_0, 4, 5;
T_16.5 ;
    %jmp T_16.3;
T_16.2 ;
    %pushi/vec4 0, 0, 1;
    %ix/load 4, 0, 0;
    %ix/load 5, 0, 0;
    %flag_set/imm 4, 0;
    %assign/vec4/off/d v0x83cc7f5c0_0, 4, 5;
    %pushi/vec4 0, 0, 1;
    %ix/load 4, 1, 0;
    %ix/load 5, 0, 0;
    %flag_set/imm 4, 0;
    %assign/vec4/off/d v0x83cc7f5c0_0, 4, 5;
T_16.3 ;
T_16.1 ;
    %jmp T_16;
    .thread T_16;
    .scope S_0x83cc7a700;
T_17 ;
    %wait E_0x83d04e140;
    %load/vec4 v0x83cc7fb60_0;
    %nor/r;
    %flag_set/vec4 8;
    %jmp/0xz  T_17.0, 8;
    %pushi/vec4 0, 0, 1;
    %ix/load 4, 0, 0;
    %ix/load 5, 0, 0;
    %flag_set/imm 4, 0;
    %assign/vec4/off/d v0x83cc7fc00_0, 4, 5;
    %pushi/vec4 0, 0, 1;
    %ix/load 4, 1, 0;
    %ix/load 5, 0, 0;
    %flag_set/imm 4, 0;
    %assign/vec4/off/d v0x83cc7fc00_0, 4, 5;
    %jmp T_17.1;
T_17.0 ;
    %load/vec4 v0x83cc7fa20_0;
    %flag_set/vec4 8;
    %jmp/0xz  T_17.2, 8;
    %load/vec4 v0x83cc7f8e0_0;
    %nor/r;
    %flag_set/vec4 8;
    %jmp/0xz  T_17.4, 8;
    %load/vec4 v0x83cc7fac0_0;
    %parti/s 1, 0, 2;
    %ix/load 4, 0, 0;
    %ix/load 5, 0, 0;
    %flag_set/imm 4, 0;
    %assign/vec4/off/d v0x83cc7fc00_0, 4, 5;
    %load/vec4 v0x83cc7fac0_0;
    %parti/s 1, 1, 2;
    %ix/load 4, 1, 0;
    %ix/load 5, 0, 0;
    %flag_set/imm 4, 0;
    %assign/vec4/off/d v0x83cc7fc00_0, 4, 5;
    %jmp T_17.5;
T_17.4 ;
    %load/vec4 v0x83cc7fac0_0;
    %parti/s 1, 1, 2;
    %ix/load 4, 0, 0;
    %ix/load 5, 0, 0;
    %flag_set/imm 4, 0;
    %assign/vec4/off/d v0x83cc7fc00_0, 4, 5;
    %load/vec4 v0x83cc7fac0_0;
    %parti/s 1, 0, 2;
    %ix/load 4, 1, 0;
    %ix/load 5, 0, 0;
    %flag_set/imm 4, 0;
    %assign/vec4/off/d v0x83cc7fc00_0, 4, 5;
T_17.5 ;
    %jmp T_17.3;
T_17.2 ;
    %pushi/vec4 0, 0, 1;
    %ix/load 4, 0, 0;
    %ix/load 5, 0, 0;
    %flag_set/imm 4, 0;
    %assign/vec4/off/d v0x83cc7fc00_0, 4, 5;
    %pushi/vec4 0, 0, 1;
    %ix/load 4, 1, 0;
    %ix/load 5, 0, 0;
    %flag_set/imm 4, 0;
    %assign/vec4/off/d v0x83cc7fc00_0, 4, 5;
T_17.3 ;
T_17.1 ;
    %jmp T_17;
    .thread T_17;
    .scope S_0x83cc7aa00;
T_18 ;
    %wait E_0x83d04e140;
    %load/vec4 v0x83cc841e0_0;
    %nor/r;
    %flag_set/vec4 8;
    %jmp/0xz  T_18.0, 8;
    %pushi/vec4 0, 0, 1;
    %ix/load 4, 0, 0;
    %ix/load 5, 0, 0;
    %flag_set/imm 4, 0;
    %assign/vec4/off/d v0x83cc84280_0, 4, 5;
    %pushi/vec4 0, 0, 1;
    %ix/load 4, 1, 0;
    %ix/load 5, 0, 0;
    %flag_set/imm 4, 0;
    %assign/vec4/off/d v0x83cc84280_0, 4, 5;
    %jmp T_18.1;
T_18.0 ;
    %load/vec4 v0x83cc840a0_0;
    %flag_set/vec4 8;
    %jmp/0xz  T_18.2, 8;
    %load/vec4 v0x83cc7ff20_0;
    %nor/r;
    %flag_set/vec4 8;
    %jmp/0xz  T_18.4, 8;
    %load/vec4 v0x83cc84140_0;
    %parti/s 1, 0, 2;
    %ix/load 4, 0, 0;
    %ix/load 5, 0, 0;
    %flag_set/imm 4, 0;
    %assign/vec4/off/d v0x83cc84280_0, 4, 5;
    %load/vec4 v0x83cc84140_0;
    %parti/s 1, 1, 2;
    %ix/load 4, 1, 0;
    %ix/load 5, 0, 0;
    %flag_set/imm 4, 0;
    %assign/vec4/off/d v0x83cc84280_0, 4, 5;
    %jmp T_18.5;
T_18.4 ;
    %load/vec4 v0x83cc84140_0;
    %parti/s 1, 1, 2;
    %ix/load 4, 0, 0;
    %ix/load 5, 0, 0;
    %flag_set/imm 4, 0;
    %assign/vec4/off/d v0x83cc84280_0, 4, 5;
    %load/vec4 v0x83cc84140_0;
    %parti/s 1, 0, 2;
    %ix/load 4, 1, 0;
    %ix/load 5, 0, 0;
    %flag_set/imm 4, 0;
    %assign/vec4/off/d v0x83cc84280_0, 4, 5;
T_18.5 ;
    %jmp T_18.3;
T_18.2 ;
    %pushi/vec4 0, 0, 1;
    %ix/load 4, 0, 0;
    %ix/load 5, 0, 0;
    %flag_set/imm 4, 0;
    %assign/vec4/off/d v0x83cc84280_0, 4, 5;
    %pushi/vec4 0, 0, 1;
    %ix/load 4, 1, 0;
    %ix/load 5, 0, 0;
    %flag_set/imm 4, 0;
    %assign/vec4/off/d v0x83cc84280_0, 4, 5;
T_18.3 ;
T_18.1 ;
    %jmp T_18;
    .thread T_18;
    .scope S_0x83cc7ae80;
T_19 ;
    %wait E_0x83d04e140;
    %load/vec4 v0x83cc84820_0;
    %nor/r;
    %flag_set/vec4 8;
    %jmp/0xz  T_19.0, 8;
    %pushi/vec4 0, 0, 1;
    %ix/load 4, 0, 0;
    %ix/load 5, 0, 0;
    %flag_set/imm 4, 0;
    %assign/vec4/off/d v0x83cc848c0_0, 4, 5;
    %pushi/vec4 0, 0, 1;
    %ix/load 4, 1, 0;
    %ix/load 5, 0, 0;
    %flag_set/imm 4, 0;
    %assign/vec4/off/d v0x83cc848c0_0, 4, 5;
    %jmp T_19.1;
T_19.0 ;
    %load/vec4 v0x83cc846e0_0;
    %flag_set/vec4 8;
    %jmp/0xz  T_19.2, 8;
    %load/vec4 v0x83cc845a0_0;
    %nor/r;
    %flag_set/vec4 8;
    %jmp/0xz  T_19.4, 8;
    %load/vec4 v0x83cc84780_0;
    %parti/s 1, 0, 2;
    %ix/load 4, 0, 0;
    %ix/load 5, 0, 0;
    %flag_set/imm 4, 0;
    %assign/vec4/off/d v0x83cc848c0_0, 4, 5;
    %load/vec4 v0x83cc84780_0;
    %parti/s 1, 1, 2;
    %ix/load 4, 1, 0;
    %ix/load 5, 0, 0;
    %flag_set/imm 4, 0;
    %assign/vec4/off/d v0x83cc848c0_0, 4, 5;
    %jmp T_19.5;
T_19.4 ;
    %load/vec4 v0x83cc84780_0;
    %parti/s 1, 1, 2;
    %ix/load 4, 0, 0;
    %ix/load 5, 0, 0;
    %flag_set/imm 4, 0;
    %assign/vec4/off/d v0x83cc848c0_0, 4, 5;
    %load/vec4 v0x83cc84780_0;
    %parti/s 1, 0, 2;
    %ix/load 4, 1, 0;
    %ix/load 5, 0, 0;
    %flag_set/imm 4, 0;
    %assign/vec4/off/d v0x83cc848c0_0, 4, 5;
T_19.5 ;
    %jmp T_19.3;
T_19.2 ;
    %pushi/vec4 0, 0, 1;
    %ix/load 4, 0, 0;
    %ix/load 5, 0, 0;
    %flag_set/imm 4, 0;
    %assign/vec4/off/d v0x83cc848c0_0, 4, 5;
    %pushi/vec4 0, 0, 1;
    %ix/load 4, 1, 0;
    %ix/load 5, 0, 0;
    %flag_set/imm 4, 0;
    %assign/vec4/off/d v0x83cc848c0_0, 4, 5;
T_19.3 ;
T_19.1 ;
    %jmp T_19;
    .thread T_19;
    .scope S_0x83cc7b180;
T_20 ;
    %wait E_0x83d04e140;
    %load/vec4 v0x83cc84e60_0;
    %nor/r;
    %flag_set/vec4 8;
    %jmp/0xz  T_20.0, 8;
    %pushi/vec4 0, 0, 1;
    %ix/load 4, 0, 0;
    %ix/load 5, 0, 0;
    %flag_set/imm 4, 0;
    %assign/vec4/off/d v0x83cc84f00_0, 4, 5;
    %pushi/vec4 0, 0, 1;
    %ix/load 4, 1, 0;
    %ix/load 5, 0, 0;
    %flag_set/imm 4, 0;
    %assign/vec4/off/d v0x83cc84f00_0, 4, 5;
    %jmp T_20.1;
T_20.0 ;
    %load/vec4 v0x83cc84d20_0;
    %flag_set/vec4 8;
    %jmp/0xz  T_20.2, 8;
    %load/vec4 v0x83cc84be0_0;
    %nor/r;
    %flag_set/vec4 8;
    %jmp/0xz  T_20.4, 8;
    %load/vec4 v0x83cc84dc0_0;
    %parti/s 1, 0, 2;
    %ix/load 4, 0, 0;
    %ix/load 5, 0, 0;
    %flag_set/imm 4, 0;
    %assign/vec4/off/d v0x83cc84f00_0, 4, 5;
    %load/vec4 v0x83cc84dc0_0;
    %parti/s 1, 1, 2;
    %ix/load 4, 1, 0;
    %ix/load 5, 0, 0;
    %flag_set/imm 4, 0;
    %assign/vec4/off/d v0x83cc84f00_0, 4, 5;
    %jmp T_20.5;
T_20.4 ;
    %load/vec4 v0x83cc84dc0_0;
    %parti/s 1, 1, 2;
    %ix/load 4, 0, 0;
    %ix/load 5, 0, 0;
    %flag_set/imm 4, 0;
    %assign/vec4/off/d v0x83cc84f00_0, 4, 5;
    %load/vec4 v0x83cc84dc0_0;
    %parti/s 1, 0, 2;
    %ix/load 4, 1, 0;
    %ix/load 5, 0, 0;
    %flag_set/imm 4, 0;
    %assign/vec4/off/d v0x83cc84f00_0, 4, 5;
T_20.5 ;
    %jmp T_20.3;
T_20.2 ;
    %pushi/vec4 0, 0, 1;
    %ix/load 4, 0, 0;
    %ix/load 5, 0, 0;
    %flag_set/imm 4, 0;
    %assign/vec4/off/d v0x83cc84f00_0, 4, 5;
    %pushi/vec4 0, 0, 1;
    %ix/load 4, 1, 0;
    %ix/load 5, 0, 0;
    %flag_set/imm 4, 0;
    %assign/vec4/off/d v0x83cc84f00_0, 4, 5;
T_20.3 ;
T_20.1 ;
    %jmp T_20;
    .thread T_20;
    .scope S_0x83cc7b480;
T_21 ;
    %wait E_0x83d04e140;
    %load/vec4 v0x83cc854a0_0;
    %nor/r;
    %flag_set/vec4 8;
    %jmp/0xz  T_21.0, 8;
    %pushi/vec4 0, 0, 1;
    %ix/load 4, 0, 0;
    %ix/load 5, 0, 0;
    %flag_set/imm 4, 0;
    %assign/vec4/off/d v0x83cc85540_0, 4, 5;
    %pushi/vec4 0, 0, 1;
    %ix/load 4, 1, 0;
    %ix/load 5, 0, 0;
    %flag_set/imm 4, 0;
    %assign/vec4/off/d v0x83cc85540_0, 4, 5;
    %jmp T_21.1;
T_21.0 ;
    %load/vec4 v0x83cc85360_0;
    %flag_set/vec4 8;
    %jmp/0xz  T_21.2, 8;
    %load/vec4 v0x83cc85220_0;
    %nor/r;
    %flag_set/vec4 8;
    %jmp/0xz  T_21.4, 8;
    %load/vec4 v0x83cc85400_0;
    %parti/s 1, 0, 2;
    %ix/load 4, 0, 0;
    %ix/load 5, 0, 0;
    %flag_set/imm 4, 0;
    %assign/vec4/off/d v0x83cc85540_0, 4, 5;
    %load/vec4 v0x83cc85400_0;
    %parti/s 1, 1, 2;
    %ix/load 4, 1, 0;
    %ix/load 5, 0, 0;
    %flag_set/imm 4, 0;
    %assign/vec4/off/d v0x83cc85540_0, 4, 5;
    %jmp T_21.5;
T_21.4 ;
    %load/vec4 v0x83cc85400_0;
    %parti/s 1, 1, 2;
    %ix/load 4, 0, 0;
    %ix/load 5, 0, 0;
    %flag_set/imm 4, 0;
    %assign/vec4/off/d v0x83cc85540_0, 4, 5;
    %load/vec4 v0x83cc85400_0;
    %parti/s 1, 0, 2;
    %ix/load 4, 1, 0;
    %ix/load 5, 0, 0;
    %flag_set/imm 4, 0;
    %assign/vec4/off/d v0x83cc85540_0, 4, 5;
T_21.5 ;
    %jmp T_21.3;
T_21.2 ;
    %pushi/vec4 0, 0, 1;
    %ix/load 4, 0, 0;
    %ix/load 5, 0, 0;
    %flag_set/imm 4, 0;
    %assign/vec4/off/d v0x83cc85540_0, 4, 5;
    %pushi/vec4 0, 0, 1;
    %ix/load 4, 1, 0;
    %ix/load 5, 0, 0;
    %flag_set/imm 4, 0;
    %assign/vec4/off/d v0x83cc85540_0, 4, 5;
T_21.3 ;
T_21.1 ;
    %jmp T_21;
    .thread T_21;
    .scope S_0x83cc7b780;
T_22 ;
    %wait E_0x83d04e140;
    %load/vec4 v0x83cc85ae0_0;
    %nor/r;
    %flag_set/vec4 8;
    %jmp/0xz  T_22.0, 8;
    %pushi/vec4 0, 0, 1;
    %ix/load 4, 0, 0;
    %ix/load 5, 0, 0;
    %flag_set/imm 4, 0;
    %assign/vec4/off/d v0x83cc85b80_0, 4, 5;
    %pushi/vec4 0, 0, 1;
    %ix/load 4, 1, 0;
    %ix/load 5, 0, 0;
    %flag_set/imm 4, 0;
    %assign/vec4/off/d v0x83cc85b80_0, 4, 5;
    %jmp T_22.1;
T_22.0 ;
    %load/vec4 v0x83cc859a0_0;
    %flag_set/vec4 8;
    %jmp/0xz  T_22.2, 8;
    %load/vec4 v0x83cc85860_0;
    %nor/r;
    %flag_set/vec4 8;
    %jmp/0xz  T_22.4, 8;
    %load/vec4 v0x83cc85a40_0;
    %parti/s 1, 0, 2;
    %ix/load 4, 0, 0;
    %ix/load 5, 0, 0;
    %flag_set/imm 4, 0;
    %assign/vec4/off/d v0x83cc85b80_0, 4, 5;
    %load/vec4 v0x83cc85a40_0;
    %parti/s 1, 1, 2;
    %ix/load 4, 1, 0;
    %ix/load 5, 0, 0;
    %flag_set/imm 4, 0;
    %assign/vec4/off/d v0x83cc85b80_0, 4, 5;
    %jmp T_22.5;
T_22.4 ;
    %load/vec4 v0x83cc85a40_0;
    %parti/s 1, 1, 2;
    %ix/load 4, 0, 0;
    %ix/load 5, 0, 0;
    %flag_set/imm 4, 0;
    %assign/vec4/off/d v0x83cc85b80_0, 4, 5;
    %load/vec4 v0x83cc85a40_0;
    %parti/s 1, 0, 2;
    %ix/load 4, 1, 0;
    %ix/load 5, 0, 0;
    %flag_set/imm 4, 0;
    %assign/vec4/off/d v0x83cc85b80_0, 4, 5;
T_22.5 ;
    %jmp T_22.3;
T_22.2 ;
    %pushi/vec4 0, 0, 1;
    %ix/load 4, 0, 0;
    %ix/load 5, 0, 0;
    %flag_set/imm 4, 0;
    %assign/vec4/off/d v0x83cc85b80_0, 4, 5;
    %pushi/vec4 0, 0, 1;
    %ix/load 4, 1, 0;
    %ix/load 5, 0, 0;
    %flag_set/imm 4, 0;
    %assign/vec4/off/d v0x83cc85b80_0, 4, 5;
T_22.3 ;
T_22.1 ;
    %jmp T_22;
    .thread T_22;
    .scope S_0x101226b80;
T_23 ;
    %pushi/vec4 0, 0, 1;
    %store/vec4 v0x83cc86580_0, 0, 1;
T_23.0 ;
    %delay 5000, 0;
    %load/vec4 v0x83cc86580_0;
    %inv;
    %store/vec4 v0x83cc86580_0, 0, 1;
    %jmp T_23.0;
    %end;
    .thread T_23;
    .scope S_0x101226b80;
T_24 ;
    %vpi_func 2 76 "$value$plusargs" 32, "VCD=%s", v0x83cc868a0_0 {0 0 0};
    %cmpi/ne 0, 0, 32;
    %jmp/0xz  T_24.0, 4;
    %vpi_call 2 77 "$dumpfile", v0x83cc868a0_0 {0 0 0};
    %jmp T_24.1;
T_24.0 ;
    %vpi_call 2 79 "$dumpfile", "sim/wave.vcd" {0 0 0};
T_24.1 ;
    %vpi_call 2 81 "$dumpvars", 32'sb00000000000000000000000000000000, S_0x101226b80 {0 0 0};
    %fork TD_tb_benes_net._reset, S_0x101226d00;
    %join;
    %pushi/vec4 0, 0, 32;
    %store/vec4 v0x83cc69f40_0, 0, 32;
    %pushi/vec4 85, 0, 8;
    %store/vec4 v0x83cc69fe0_0, 0, 8;
    %fork TD_tb_benes_net._send_data, S_0x10122ca50;
    %join;
    %fork TD_tb_benes_net._reset, S_0x101226d00;
    %join;
    %pushi/vec4 7, 0, 32;
    %store/vec4 v0x83cc69f40_0, 0, 32;
    %pushi/vec4 85, 0, 8;
    %store/vec4 v0x83cc69fe0_0, 0, 8;
    %fork TD_tb_benes_net._send_data, S_0x10122ca50;
    %join;
    %fork TD_tb_benes_net._reset, S_0x101226d00;
    %join;
    %pushi/vec4 1, 0, 1;
    %ix/load 4, 0, 0;
    %flag_set/imm 4, 0;
    %store/vec4 v0x83cc864e0_0, 4, 1;
    %pushi/vec4 0, 0, 32;
    %store/vec4 v0x83cc69f40_0, 0, 32;
    %pushi/vec4 1, 0, 8;
    %store/vec4 v0x83cc69fe0_0, 0, 8;
    %fork TD_tb_benes_net._send_data, S_0x10122ca50;
    %join;
    %fork TD_tb_benes_net._reset, S_0x101226d00;
    %join;
    %pushi/vec4 5, 0, 32;
T_24.2 %dup/vec4;
    %pushi/vec4 0, 0, 32;
    %cmp/s;
    %jmp/1xz T_24.3, 5;
    %jmp/1 T_24.3, 4;
    %pushi/vec4 1, 0, 32;
    %sub;
    %wait E_0x83d04de00;
    %jmp T_24.2;
T_24.3 ;
    %pop/vec4 1;
    %vpi_call 2 97 "$display", "PASSED ALL TESTS" {0 0 0};
    %vpi_call 2 98 "$finish" {0 0 0};
    %end;
    .thread T_24;
# The file index is used to find the file name in the following table.
:file_names 5;
    "N/A";
    "<interactive>";
    "rtl/tb/tb_benes_net.v";
    "rtl/benes_net.v";
    "rtl/benes_sw2x2.v";
