#! /opt/homebrew/Cellar/icarus-verilog/12.0/bin/vvp -v
:ivl_version "12.0 (stable)";
:ivl_delay_selection "TYPICAL";
:vpi_time_precision - 12;
:vpi_module "/opt/homebrew/Cellar/icarus-verilog/12.0/lib/ivl/system.vpi";
:vpi_module "/opt/homebrew/Cellar/icarus-verilog/12.0/lib/ivl/vhdl_sys.vpi";
:vpi_module "/opt/homebrew/Cellar/icarus-verilog/12.0/lib/ivl/vhdl_textio.vpi";
:vpi_module "/opt/homebrew/Cellar/icarus-verilog/12.0/lib/ivl/v2005_math.vpi";
:vpi_module "/opt/homebrew/Cellar/icarus-verilog/12.0/lib/ivl/va_math.vpi";
S_0x105488900 .scope module, "tb_benes_sw2x2" "tb_benes_sw2x2" 2 4;
 .timescale -9 -12;
P_0x105490460 .param/l "CLK_PER" 1 2 7, +C4<00000000000000000000000000001010>;
v0x105492aa0_0 .var "cfg", 0 0;
v0x105492b40_0 .var "clk", 0 0;
v0x105492be0_0 .var "enable", 0 0;
v0x105492c80_0 .var "in1", 0 0;
v0x7b5044000_0 .var "in2", 0 0;
v0x7b50440a0_0 .var "n_rst", 0 0;
v0x7b5044140_0 .net "out1", 0 0, v0x105492960_0;  1 drivers
v0x7b50441e0_0 .net "out2", 0 0, v0x105492a00_0;  1 drivers
v0x7b5044280_0 .var "vcdfile", 1023 0;
S_0x105488a80 .scope task, "_reset" "_reset" 2 37, 2 37 0, S_0x105488900;
 .timescale -9 -12;
E_0x7b48641c0 .event posedge, v0x105492600_0;
TD_tb_benes_sw2x2._reset ;
    %pushi/vec4 0, 0, 1;
    %store/vec4 v0x7b50440a0_0, 0, 1;
    %pushi/vec4 0, 0, 1;
    %store/vec4 v0x105492be0_0, 0, 1;
    %pushi/vec4 0, 0, 1;
    %store/vec4 v0x105492aa0_0, 0, 1;
    %pushi/vec4 0, 0, 1;
    %store/vec4 v0x105492c80_0, 0, 1;
    %pushi/vec4 0, 0, 1;
    %store/vec4 v0x7b5044000_0, 0, 1;
    %wait E_0x7b48641c0;
    %pushi/vec4 1, 0, 1;
    %store/vec4 v0x7b50440a0_0, 0, 1;
    %wait E_0x7b48641c0;
    %end;
S_0x10548ce90 .scope module, "dut" "benes_sw2x2" 2 21, 3 3 0, S_0x105488900;
 .timescale -9 -12;
    .port_info 0 /INPUT 1 "clk";
    .port_info 1 /INPUT 1 "n_rst";
    .port_info 2 /INPUT 1 "enable";
    .port_info 3 /INPUT 1 "cfg";
    .port_info 4 /INPUT 1 "in1";
    .port_info 5 /INPUT 1 "in2";
    .port_info 6 /OUTPUT 1 "out1";
    .port_info 7 /OUTPUT 1 "out2";
v0x1054924e0_0 .net "cfg", 0 0, v0x105492aa0_0;  1 drivers
v0x105492600_0 .net "clk", 0 0, v0x105492b40_0;  1 drivers
v0x10548d010_0 .net "enable", 0 0, v0x105492be0_0;  1 drivers
v0x10548d0b0_0 .net "in1", 0 0, v0x105492c80_0;  1 drivers
v0x105492820_0 .net "in2", 0 0, v0x7b5044000_0;  1 drivers
v0x1054928c0_0 .net "n_rst", 0 0, v0x7b50440a0_0;  1 drivers
v0x105492960_0 .var "out1", 0 0;
v0x105492a00_0 .var "out2", 0 0;
E_0x7b4864200/0 .event negedge, v0x1054928c0_0;
E_0x7b4864200/1 .event posedge, v0x105492600_0;
E_0x7b4864200 .event/or E_0x7b4864200/0, E_0x7b4864200/1;
    .scope S_0x10548ce90;
T_1 ;
    %wait E_0x7b4864200;
    %load/vec4 v0x1054928c0_0;
    %nor/r;
    %flag_set/vec4 8;
    %jmp/0xz  T_1.0, 8;
    %pushi/vec4 0, 0, 1;
    %assign/vec4 v0x105492960_0, 0;
    %pushi/vec4 0, 0, 1;
    %assign/vec4 v0x105492a00_0, 0;
    %jmp T_1.1;
T_1.0 ;
    %load/vec4 v0x10548d010_0;
    %flag_set/vec4 8;
    %jmp/0xz  T_1.2, 8;
    %load/vec4 v0x1054924e0_0;
    %nor/r;
    %flag_set/vec4 8;
    %jmp/0xz  T_1.4, 8;
    %load/vec4 v0x10548d0b0_0;
    %assign/vec4 v0x105492960_0, 0;
    %load/vec4 v0x105492820_0;
    %assign/vec4 v0x105492a00_0, 0;
    %jmp T_1.5;
T_1.4 ;
    %load/vec4 v0x105492820_0;
    %assign/vec4 v0x105492960_0, 0;
    %load/vec4 v0x10548d0b0_0;
    %assign/vec4 v0x105492a00_0, 0;
T_1.5 ;
    %jmp T_1.3;
T_1.2 ;
    %pushi/vec4 0, 0, 1;
    %assign/vec4 v0x105492960_0, 0;
    %pushi/vec4 0, 0, 1;
    %assign/vec4 v0x105492a00_0, 0;
T_1.3 ;
T_1.1 ;
    %jmp T_1;
    .thread T_1;
    .scope S_0x105488900;
T_2 ;
    %pushi/vec4 0, 0, 1;
    %store/vec4 v0x105492b40_0, 0, 1;
T_2.0 ;
    %delay 5000, 0;
    %load/vec4 v0x105492b40_0;
    %inv;
    %store/vec4 v0x105492b40_0, 0, 1;
    %jmp T_2.0;
    %end;
    .thread T_2;
    .scope S_0x105488900;
T_3 ;
    %vpi_func 2 56 "$value$plusargs" 32, "VCD=%s", v0x7b5044280_0 {0 0 0};
    %cmpi/ne 0, 0, 32;
    %jmp/0xz  T_3.0, 4;
    %vpi_call 2 57 "$dumpfile", v0x7b5044280_0 {0 0 0};
    %jmp T_3.1;
T_3.0 ;
    %vpi_call 2 60 "$dumpfile", "sim/wave.vcd" {0 0 0};
T_3.1 ;
    %vpi_call 2 62 "$dumpvars", 32'sb00000000000000000000000000000000, S_0x105488900 {0 0 0};
    %fork TD_tb_benes_sw2x2._reset, S_0x105488a80;
    %join;
    %pushi/vec4 1, 0, 1;
    %store/vec4 v0x105492be0_0, 0, 1;
    %pushi/vec4 0, 0, 1;
    %store/vec4 v0x105492aa0_0, 0, 1;
    %pushi/vec4 0, 0, 1;
    %store/vec4 v0x105492c80_0, 0, 1;
    %pushi/vec4 1, 0, 1;
    %store/vec4 v0x7b5044000_0, 0, 1;
    %pushi/vec4 2, 0, 32;
T_3.2 %dup/vec4;
    %pushi/vec4 0, 0, 32;
    %cmp/s;
    %jmp/1xz T_3.3, 5;
    %jmp/1 T_3.3, 4;
    %pushi/vec4 1, 0, 32;
    %sub;
    %wait E_0x7b48641c0;
    %jmp T_3.2;
T_3.3 ;
    %pop/vec4 1;
    %pushi/vec4 1, 0, 1;
    %store/vec4 v0x105492aa0_0, 0, 1;
    %pushi/vec4 2, 0, 32;
T_3.4 %dup/vec4;
    %pushi/vec4 0, 0, 32;
    %cmp/s;
    %jmp/1xz T_3.5, 5;
    %jmp/1 T_3.5, 4;
    %pushi/vec4 1, 0, 32;
    %sub;
    %wait E_0x7b48641c0;
    %jmp T_3.4;
T_3.5 ;
    %pop/vec4 1;
    %pushi/vec4 1, 0, 1;
    %store/vec4 v0x105492c80_0, 0, 1;
    %pushi/vec4 0, 0, 1;
    %store/vec4 v0x7b5044000_0, 0, 1;
    %pushi/vec4 2, 0, 32;
T_3.6 %dup/vec4;
    %pushi/vec4 0, 0, 32;
    %cmp/s;
    %jmp/1xz T_3.7, 5;
    %jmp/1 T_3.7, 4;
    %pushi/vec4 1, 0, 32;
    %sub;
    %wait E_0x7b48641c0;
    %jmp T_3.6;
T_3.7 ;
    %pop/vec4 1;
    %pushi/vec4 0, 0, 1;
    %store/vec4 v0x105492aa0_0, 0, 1;
    %pushi/vec4 2, 0, 32;
T_3.8 %dup/vec4;
    %pushi/vec4 0, 0, 32;
    %cmp/s;
    %jmp/1xz T_3.9, 5;
    %jmp/1 T_3.9, 4;
    %pushi/vec4 1, 0, 32;
    %sub;
    %wait E_0x7b48641c0;
    %jmp T_3.8;
T_3.9 ;
    %pop/vec4 1;
    %pushi/vec4 5, 0, 32;
T_3.10 %dup/vec4;
    %pushi/vec4 0, 0, 32;
    %cmp/s;
    %jmp/1xz T_3.11, 5;
    %jmp/1 T_3.11, 4;
    %pushi/vec4 1, 0, 32;
    %sub;
    %wait E_0x7b48641c0;
    %jmp T_3.10;
T_3.11 ;
    %pop/vec4 1;
    %vpi_call 2 84 "$display", "PASSED ALL TESTS" {0 0 0};
    %vpi_call 2 85 "$finish" {0 0 0};
    %end;
    .thread T_3;
# The file index is used to find the file name in the following table.
:file_names 4;
    "N/A";
    "<interactive>";
    "rtl/tb/tb_benes_sw2x2.v";
    "rtl/benes_sw2x2.v";
